-I: Adding /ties/miniconda3/dat/leap/prep to search path.
-I: Adding /ties/miniconda3/dat/leap/lib to search path.
-I: Adding /ties/miniconda3/dat/leap/parm to search path.
-I: Adding /ties/miniconda3/dat/leap/cmd to search path.
-s: Ignoring all leaprc startup files.
-f: Source leap.in.

Welcome to LEaP!
Sourcing: ./leap.in
----- Source: /ties/miniconda3/dat/leap/cmd/leaprc.protein.ff19SB
----- Source of /ties/miniconda3/dat/leap/cmd/leaprc.protein.ff19SB done
Log file: ./leap.log
Loading parameters: /ties/miniconda3/dat/leap/parm/parm19.dat
Reading title:
PARM99 + frcmod.ff99SB + frcmod.parmbsc0 + OL3 for RNA + ff19SB
Loading parameters: /ties/miniconda3/dat/leap/parm/frcmod.ff19SB
Reading force field modification type file (frcmod)
Reading title:
ff19SB AA-specific backbone CMAPs for protein 07/25/2019
Loading library: /ties/miniconda3/dat/leap/lib/amino19.lib
Loading library: /ties/miniconda3/dat/leap/lib/aminoct12.lib
Loading library: /ties/miniconda3/dat/leap/lib/aminont12.lib
----- Source: /ties/miniconda3/dat/leap/cmd/leaprc.water.tip3p
----- Source of /ties/miniconda3/dat/leap/cmd/leaprc.water.tip3p done
Loading library: /ties/miniconda3/dat/leap/lib/atomic_ions.lib
Loading library: /ties/miniconda3/dat/leap/lib/solvents.lib
Loading parameters: /ties/miniconda3/dat/leap/parm/frcmod.tip3p
Reading force field modification type file (frcmod)
Reading title:
This is the additional/replacement parameter set for TIP3P water
Loading parameters: /ties/miniconda3/dat/leap/parm/frcmod.ions1lm_126_tip3p
Reading force field modification type file (frcmod)
Reading title:
Li/Merz ion parameters of monovalent ions for TIP3P water model (12-6 normal usage set)
Loading parameters: /ties/miniconda3/dat/leap/parm/frcmod.ionsjc_tip3p
Reading force field modification type file (frcmod)
Reading title:
Monovalent ion parameters for Ewald and TIP3P water from Joung & Cheatham JPCB (2008)
Loading parameters: /ties/miniconda3/dat/leap/parm/frcmod.ions234lm_126_tip3p
Reading force field modification type file (frcmod)
Reading title:
Li/Merz ion parameters of divalent to tetravalent ions for TIP3P water model (12-6 normal usage set)
----- Source: /ties/miniconda3/dat/leap/cmd/leaprc.gaff
----- Source of /ties/miniconda3/dat/leap/cmd/leaprc.gaff done
Log file: ./leap.log
Loading parameters: /ties/miniconda3/dat/leap/parm/gaff.dat
Reading title:
AMBER General Force Field for organic molecules (Version 1.81, May 2017)
----- Source: /ties/miniconda3/dat/leap/cmd/leaprc.phosaa10
----- Source of /ties/miniconda3/dat/leap/cmd/leaprc.phosaa10 done
Log file: ./leap.log
Loading parameters: /ties/miniconda3/dat/leap/parm/frcmod.phosaa10
Reading force field modification type file (frcmod)
Reading title:
Bonded parameters and revised vdW parameters for phosphorylated amino acids.
Loading library: /ties/miniconda3/dat/leap/lib/phos_amino94.lib
Loading parameters: ./hybrid.frcmod
Reading force field modification type file (frcmod)
Reading title:
merged frcmod
Loading Mol2 file: ./hybrid.mol2
Reading MOLECULE named HYB 
Loading PDB file: ./protein.pdb
  total atoms in file: 2423
Scaling up box by a factor of 1.206236 to meet diagonal cut criterion
  Solute vdw bounding box:              48.826 38.946 43.898
  Total bounding box for atom centers:  82.600 82.600 82.600
      (box expansion for 'iso' is  20.8%)
  Solvent unit box:                     18.774 18.774 18.774
  Volume: 292143.532 A^3 (oct)
  Total mass 156855.326 amu,  Density 0.892 g/cc
  Added 7734 residues.
Adding 1 counter ions to "sys" using 1A grid
Grid extends from solute vdw + 1.37  to  7.35
Resolution:      1.00 Angstrom.
Solvent present: replacing closest with ion
	 when steric overlaps occur
Calculating grid charges
(Replacing solvent molecule)
Placed Na+ in sys at (-19.57, 6.63, -6.97).

Done adding ions.
Writing pdb file: complex_nofep.pdb
   printing CRYST1 record to PDB file with box info

/ties/miniconda3/bin/teLeap: Warning!
 Converting N-terminal residue name to PDB format: NGLY -> GLY

/ties/miniconda3/bin/teLeap: Warning!
 Converting C-terminal residue name to PDB format: CHIE -> HIE
Checking Unit.

/ties/miniconda3/bin/teLeap: Warning!
The unperturbed charge of the unit (3.920500) is not integral.

/ties/miniconda3/bin/teLeap: Warning!
The unperturbed charge of the unit (3.920500) is not zero.

/ties/miniconda3/bin/teLeap: Note.
Ignoring the error and warning from Unit Checking.

Building topology.
Building atom parameters.
Building bond parameters.
Building angle parameters.
Building proper torsion parameters.

/ties/miniconda3/bin/teLeap: Note.
1-4: angle 42 44 duplicates bond ('triangular' bond) or angle ('square' bond)


/ties/miniconda3/bin/teLeap: Note.
1-4: angle 17 18 duplicates bond ('triangular' bond) or angle ('square' bond)

Building improper torsion parameters.
 total 518 improper torsions applied
Building H-Bond parameters.
Incorporating Non-Bonded adjustments.
Not Marking per-residue atom chain types.
Marking per-residue atom chain types.
  (Residues lacking connect0/connect1 - 
   these don't have chain types marked:

	res	total affected

	CHIE	1
	HYB	1
	NGLY	1
	WAT	7733
  )
 (no restraints)
	Quit

Exiting LEaP: Errors = 0; Warnings = 4; Notes = 3.
