TCL: Suspending until startup complete.
Warning: The following variables were set in the
Warning: configuration file but will be ignored:
Warning:    paraTypeCharmm (parameters)
Info: EXTENDED SYSTEM FILE   /home/a/post_qa/TIES_MD/TIES_MD/examples/ethane_namd/zero_sum/leg1/LAMBDA_1.00/rep0/equilibration/eq1.xsc
Info: SIMULATION PARAMETERS:
Info: TIMESTEP               2
Info: NUMBER OF STEPS        0
Info: STEPS PER CYCLE        10
Info: PERIODIC CELL BASIS 1  34.55 0 0
Info: PERIODIC CELL BASIS 2  -11.5167 32.5742 0
Info: PERIODIC CELL BASIS 3  -11.5167 -16.2871 28.2101
Info: PERIODIC CELL CENTER   0 0 0
Info: WRAPPING WATERS AROUND PERIODIC BOUNDARIES ON OUTPUT.
Info: WRAPPING ALL CLUSTERS AROUND PERIODIC BOUNDARIES ON OUTPUT.
Info: LOAD BALANCER  Centralized
Info: LOAD BALANCING STRATEGY  New Load Balancers -- DEFAULT
Info: LDB PERIOD             2000 steps
Info: FIRST LDB TIMESTEP     50
Info: LAST LDB TIMESTEP     -1
Info: LDB BACKGROUND SCALING 1
Info: HOM BACKGROUND SCALING 1
Info: PME BACKGROUND SCALING 1
Info: MIN ATOMS PER PATCH    40
Info: VELOCITY FILE          /home/a/post_qa/TIES_MD/TIES_MD/examples/ethane_namd/zero_sum/leg1/LAMBDA_1.00/rep0/equilibration/eq1.vel
Info: CENTER OF MASS MOVING INITIALLY? NO
Info: DIELECTRIC             1
Info: EXCLUDE                SCALED ONE-FOUR
Info: 1-4 ELECTROSTATICS SCALED BY 0.833333
Info: MODIFIED 1-4 VDW PARAMETERS WILL BE USED
Info: DCD FILENAME           /home/a/post_qa/TIES_MD/TIES_MD/examples/ethane_namd/zero_sum/leg1/LAMBDA_1.00/rep0/equilibration/eq2.dcd
Info: DCD FREQUENCY          5000
Info: DCD FIRST STEP         5000
Info: DCD FILE WILL CONTAIN UNIT CELL DATA
Info: XST FILENAME           /home/a/post_qa/TIES_MD/TIES_MD/examples/ethane_namd/zero_sum/leg1/LAMBDA_1.00/rep0/equilibration/eq2.xst
Info: XST FREQUENCY          5000
Info: NO VELOCITY DCD OUTPUT
Info: NO FORCE DCD OUTPUT
Info: OUTPUT FILENAME        /home/a/post_qa/TIES_MD/TIES_MD/examples/ethane_namd/zero_sum/leg1/LAMBDA_1.00/rep0/equilibration/eq2
Info: BINARY OUTPUT FILES WILL BE USED
Info: RESTART FILENAME       /home/a/post_qa/TIES_MD/TIES_MD/examples/ethane_namd/zero_sum/leg1/LAMBDA_1.00/rep0/equilibration/eq2
Info: RESTART FREQUENCY      500
Info: BINARY RESTART FILES WILL BE USED
Info: SWITCHING ACTIVE
Info: SWITCHING ON           10
Info: SWITCHING OFF          12
Info: PAIRLIST DISTANCE      13.5
Info: PAIRLIST SHRINK RATE   0.01
Info: PAIRLIST GROW RATE     0.01
Info: PAIRLIST TRIGGER       0.3
Info: PAIRLISTS PER CYCLE    2
Info: PAIRLISTS ENABLED
Info: MARGIN                 0.48
Info: HYDROGEN GROUP CUTOFF  2.5
Info: PATCH DIMENSION        16.48
Info: ENERGY OUTPUT STEPS    1000
Info: CROSSTERM ENERGY INCLUDED IN DIHEDRAL
Info: TIMING OUTPUT STEPS    10000
Info: PRESSURE OUTPUT STEPS  1000
Info: THERMODYNAMIC INTEGRATION (TI) ON
Info: TI LAMBDA VALUE     1
Info: TI INTRA-ALCHEMICAL NON-BONDED INTERACTIONS WILL BE RETAINED
Info: TI INTRA-ALCHEMICAL BONDED INTERACTIONS WILL BE RETAINED
Info: TI VDW SHIFTING COEFFICIENT 5
Info: TI ELEC. ACTIVE FOR ANNIHILATED PARTICLES BETWEEN LAMBDA = 0 AND LAMBDA = 0.55
Info: TI ELEC. ACTIVE FOR EXNIHILATED PARTICLES BETWEEN LAMBDA = 0.45 AND LAMBDA = 1
Info: TI VDW ACTIVE FOR ANNIHILATED PARTICLES BETWEEN LAMBDA = 0 AND LAMBDA = 1
Info: TI VDW ACTIVE FOR EXNIHILATED PARTICLES BETWEEN LAMBDA = 0 AND LAMBDA = 1
Info: TI BOND ACTIVE FOR ANNIHILATED PARTICLES BETWEEN LAMBDA = 1 AND LAMBDA = 1
Info: TI BOND ACTIVE FOR EXNIHILATED PARTICLES BETWEEN LAMBDA = 0 AND LAMBDA = 0
Info: LANGEVIN DYNAMICS ACTIVE
Info: LANGEVIN TEMPERATURE   300
Info: LANGEVIN USING BBK INTEGRATOR
Info: LANGEVIN DAMPING COEFFICIENT IS 5 INVERSE PS
Info: LANGEVIN DYNAMICS NOT APPLIED TO HYDROGENS
Info: LANGEVIN PISTON PRESSURE CONTROL ACTIVE
Info:        TARGET PRESSURE IS 1.01325 BAR
Info:     OSCILLATION PERIOD IS 200 FS
Info:             DECAY TIME IS 100 FS
Info:     PISTON TEMPERATURE IS 300 K
Info:       PRESSURE CONTROL IS GROUP-BASED
Info:    INITIAL STRAIN RATE IS 0 0 0
Info:       CELL FLUCTUATION IS ISOTROPIC
Info: PARTICLE MESH EWALD (PME) ACTIVE
Info: PME TOLERANCE               1e-06
Info: PME EWALD COEFFICIENT       0.257952
Info: PME INTERPOLATION ORDER     4
Info: PME GRID DIMENSIONS         36 36 36
Info: PME MAXIMUM GRID SPACING    1
Info: Attempting to read FFTW data from FFTW_NAMD_2.14_Linux-x86_64-multicore.txt
Info: Optimizing 6 FFT steps.  1... 2... 3... 4... 5... 6...   Done.
Info: Writing FFTW data to FFTW_NAMD_2.14_Linux-x86_64-multicore.txt
Info: FULL ELECTROSTATIC EVALUATION FREQUENCY      2
Info: USING VERLET I (r-RESPA) MTS SCHEME.
Info: C1 SPLITTING OF LONG RANGE ELECTROSTATICS
Info: PLACING ATOMS IN PATCHES BY HYDROGEN GROUPS
Info: RIGID BONDS TO HYDROGEN : ALL
Info:         ERROR TOLERANCE : 1e-05
Info:          MAX ITERATIONS : 100
Info: RIGID WATER USING SETTLE ALGORITHM
Info: RANDOM NUMBER SEED     1660223040
Info: USE HYDROGEN BONDS?    NO
Info: Using AMBER format force field!
Info: AMBER PARM FILE        /home/a/post_qa/TIES_MD/TIES_MD/examples/ethane_namd/zero_sum/leg1/build/sys_solv.prmtop
Info: COORDINATE PDB         /home/a/post_qa/TIES_MD/TIES_MD/examples/ethane_namd/zero_sum/leg1/build/sys_solv.pdb
Info: Exclusions in PARM file will be ignored!
Info: SCNB (VDW SCALING)     2
Info: USING ARITHMETIC MEAN TO COMBINE L-J SIGMA PARAMETERS
Info: BINARY COORDINATES     /home/a/post_qa/TIES_MD/TIES_MD/examples/ethane_namd/zero_sum/leg1/LAMBDA_1.00/rep0/equilibration/eq1.coor
Reading parm file (/home/a/post_qa/TIES_MD/TIES_MD/examples/ethane_namd/zero_sum/leg1/build/sys_solv.prmtop) ...
PARM file in AMBER 7 format
Warning: Skipping ATOMIC_NUMBER in parm file while seeking MASS.
Warning: Skipping SCEE_SCALE_FACTOR in parm file while seeking SOLTY.
Warning: Skipping SCNB_SCALE_FACTOR in parm file while seeking SOLTY.
Warning: Encounter 10-12 H-bond term
Warning: Found 886 H-H bonds.
Info: SUMMARY OF PARAMETERS:
Info: 4 BONDS
Info: 3 ANGLES
Info:   3 HARMONIC
Info:   0 COSINE-BASED
Info: 2 DIHEDRAL
Info: 0 IMPROPER
Info: 0 CROSSTERM
Info: 0 VDW
Info: 10 VDW_PAIRS
Info: 0 NBTHOLE_PAIRS
Info: Reading pdb file /home/a/post_qa/TIES_MD/TIES_MD/examples/ethane_namd/zero_sum/leg1/build/sys_solv.pdb
Info: TIME FOR READING PDB FILE: 0.00418549
Info: 
Info: To read alchdata from file: /home/a/post_qa/TIES_MD/TIES_MD/examples/ethane_namd/zero_sum/leg1/build/sys_solv.pdb
Info: To read alchflag data from column: 5
Info: ****************************
Info: STRUCTURE SUMMARY:
Info: 2670 ATOMS
Info: 2669 BONDS
Info: 21 ANGLES
Info: 18 DIHEDRALS
Info: 0 IMPROPERS
Info: 0 CROSSTERMS
Info: 0 EXCLUSIONS
Info: 2667 RIGID BONDS
Info: ALCH: 4 ATOMS TO DISAPPEAR IN FINAL STATE
Info: ALCH: 4 ATOMS TO APPEAR IN FINAL STATE
Info: ALCH: 1 ANGLES LINKING INITIAL AND FINAL ATOMS DELETED
Info: ALCH: 6 DIHEDRALS LINKING INITIAL AND FINAL ATOMS DELETED
Info: 5343 DEGREES OF FREEDOM
Info: 889 HYDROGEN GROUPS
Info: 4 ATOMS IN LARGEST HYDROGEN GROUP
Info: 889 MIGRATION GROUPS
Info: 4 ATOMS IN LARGEST MIGRATION GROUP
Info: TOTAL MASS = 16007.3 amu
Info: TOTAL CHARGE = 0.00300001 e
Info: MASS DENSITY = 0.83724 g/cm^3
Info: ATOM DENSITY = 0.0840978 atoms/A^3
Info: *****************************
Info: Reading from binary file /home/a/post_qa/TIES_MD/TIES_MD/examples/ethane_namd/zero_sum/leg1/LAMBDA_1.00/rep0/equilibration/eq1.coor
Info: 
Info: Entering startup at 0.0234944 s, 45.8516 MB of memory in use
Info: Startup phase 0 took 5.3266e-05 s, 45.8516 MB of memory in use
Info: ADDED 2708 IMPLICIT EXCLUSIONS
Info: Startup phase 1 took 0.000707788 s, 46.1328 MB of memory in use
Info: NONBONDED TABLE R-SQUARED SPACING: 0.0625
Info: NONBONDED TABLE SIZE: 769 POINTS
Info: ABSOLUTE IMPRECISION IN FAST TABLE FORCE: 2.64698e-23 AT 11.9138
Info: RELATIVE IMPRECISION IN FAST TABLE FORCE: 1.40436e-16 AT 11.9138
Info: INCONSISTENCY IN FAST TABLE ENERGY VS FORCE: 0.000325096 AT 11.9556
Info: ABSOLUTE IMPRECISION IN SCOR TABLE FORCE: 4.10282e-22 AT 11.9138
Info: RELATIVE IMPRECISION IN SCOR TABLE FORCE: 3.56912e-15 AT 11.9138
Info: INCONSISTENCY IN SCOR TABLE ENERGY VS FORCE: 0.000324844 AT 11.9556
Info: ABSOLUTE IMPRECISION IN VDWA TABLE ENERGY: 9.86076e-32 AT 11.8295
Info: RELATIVE IMPRECISION IN VDWA TABLE ENERGY: 6.75473e-14 AT 11.9138
Info: ABSOLUTE IMPRECISION IN VDWA TABLE FORCE: 4.62223e-32 AT 11.9138
Info: RELATIVE IMPRECISION IN VDWA TABLE FORCE: 2.12237e-15 AT 11.9138
Info: INCONSISTENCY IN VDWA TABLE ENERGY VS FORCE: 0.0040507 AT 0.251946
Info: ABSOLUTE IMPRECISION IN VDWB TABLE ENERGY: 4.1359e-25 AT 11.8295
Info: RELATIVE IMPRECISION IN VDWB TABLE ENERGY: 7.56853e-15 AT 11.9138
Info: ABSOLUTE IMPRECISION IN VDWB TABLE FORCE: 3.87741e-26 AT 11.9138
Info: RELATIVE IMPRECISION IN VDWB TABLE FORCE: 5.97409e-16 AT 11.9138
Info: INCONSISTENCY IN VDWB TABLE ENERGY VS FORCE: 0.00150189 AT 0.251946
Info: Startup phase 2 took 0.00055895 s, 46.4922 MB of memory in use
Info: Startup phase 3 took 2.4658e-05 s, 46.4922 MB of memory in use
Info: Startup phase 4 took 5.0581e-05 s, 46.4922 MB of memory in use
Info: Startup phase 5 took 1.9263e-05 s, 46.4922 MB of memory in use
Info: PATCH GRID IS 1 (PERIODIC) BY 1 (PERIODIC) BY 1 (PERIODIC)
Info: PATCH GRID IS 1-AWAY BY 1-AWAY BY 1-AWAY
Info: Reading from binary file /home/a/post_qa/TIES_MD/TIES_MD/examples/ethane_namd/zero_sum/leg1/LAMBDA_1.00/rep0/equilibration/eq1.vel
Info: REMOVING COM VELOCITY -0.196489 -0.00310109 0.104777
Info: LARGEST PATCH (0) HAS 2670 ATOMS
Info: TORUS A SIZE 1 USING 0
Info: TORUS B SIZE 1 USING 0
Info: TORUS C SIZE 1 USING 0
Info: TORUS MINIMAL MESH SIZE IS 1 BY 1 BY 1
Info: Placed 100% of base nodes on same physical node as patch
Info: Startup phase 6 took 0.000682229 s, 47.5117 MB of memory in use
Info: PME using 1 and 1 processors for FFT and reciprocal sum.
Info: PME GRID LOCATIONS: 0
Info: PME TRANS LOCATIONS: 0
Info: PME USING 1 GRID NODES AND 1 TRANS NODES
Info: Optimizing 4 FFT steps.  1... 2... 3... 4...   Done.
Info: Startup phase 7 took 0.000495617 s, 48.4492 MB of memory in use
Info: Startup phase 8 took 3.2374e-05 s, 48.4492 MB of memory in use
Info: Startup phase 9 took 1.7437e-05 s, 48.4492 MB of memory in use
Info: Startup phase 10 took 1.6853e-05 s, 48.4492 MB of memory in use
Info: Startup phase 11 took 1.9762e-05 s, 48.4492 MB of memory in use
LDB: Central LB being created...
Info: Startup phase 12 took 3.0615e-05 s, 48.4492 MB of memory in use
Info: CREATING 25 COMPUTE OBJECTS
Info: Startup phase 13 took 0.000141012 s, 48.4492 MB of memory in use
Info: Startup phase 14 took 2.7462e-05 s, 48.4492 MB of memory in use
Info: Startup phase 15 took 1.8147e-05 s, 48.4492 MB of memory in use
Info: Finished startup at 0.0263904 s, 48.4492 MB of memory in use

TCL: Running for 1000 steps
TI: RESETTING FOR NEW WINDOW LAMBDA SET TO 1
TI: WINDOW TO HAVE 0 STEPS OF EQUILIBRATION PRIOR TO TI DATA COLLECTION.
PRESSURE: 0 -3254.68 355.157 -25.2221 355.157 -3058.7 71.8218 -25.2221 71.8218 -2847.55
GPRESSURE: 0 -3203.24 365.239 -21.367 341.528 -3061.07 93.1582 -53.8081 42.9063 -2826.56
ETITLE:      TS           BOND          ANGLE          DIHED          IMPRP               ELECT            VDW       BOUNDARY           MISC        KINETIC               TOTAL           TEMP      POTENTIAL         TOTAL3        TEMPAVG            PRESSURE      GPRESSURE         VOLUME       PRESSAVG      GPRESSAVG
TITITLE:     TS          BOND1         ELECT1           VDW1          BOND2              ELECT2           VDW2

ENERGY:       0         0.0654         0.3591         0.0026         0.0000         -12092.9998      1863.0001         0.0000         0.0000       118.0760         -10111.4965        22.2416    -10229.5725    -10111.4571        22.2416          -3053.6437     -3030.2892     31748.7481     -3053.6437     -3030.2892
TI:           0         0.2551         0.9779        -1.3616         0.1071              0.9779        -1.2393

OPENING TI ENERGY OUTPUT FILE
OPENING EXTENDED SYSTEM TRAJECTORY FILE
LDB: ============= START OF LOAD BALANCING ============== 0.299081
LDB: ============== END OF LOAD BALANCING =============== 0.299146
LDB: =============== DONE WITH MIGRATION ================ 0.299169
LDB: ============= START OF LOAD BALANCING ============== 1.38293
LDB: ============== END OF LOAD BALANCING =============== 1.38299
LDB: =============== DONE WITH MIGRATION ================ 1.38305
Info: Initial time: 1 CPUs 0.027099 s/step 0.156823 days/ns 55.7852 MB memory
LDB: ============= START OF LOAD BALANCING ============== 1.65871
LDB: ============== END OF LOAD BALANCING =============== 1.65877
LDB: =============== DONE WITH MIGRATION ================ 1.65879
LDB: ============= START OF LOAD BALANCING ============== 2.74639
LDB: ============== END OF LOAD BALANCING =============== 2.74645
LDB: =============== DONE WITH MIGRATION ================ 2.7465
Info: Initial time: 1 CPUs 0.0272013 s/step 0.157415 days/ns 55.7852 MB memory
LDB: ============= START OF LOAD BALANCING ============== 4.11203
LDB: ============== END OF LOAD BALANCING =============== 4.11209
LDB: =============== DONE WITH MIGRATION ================ 4.11214
Info: Initial time: 1 CPUs 0.027306 s/step 0.158021 days/ns 55.7852 MB memory
LDB: ============= START OF LOAD BALANCING ============== 5.48856
LDB: ============== END OF LOAD BALANCING =============== 5.48862
LDB: =============== DONE WITH MIGRATION ================ 5.48868
Info: Benchmark time: 1 CPUs 0.0275387 s/step 0.159367 days/ns 55.7852 MB memory
Info: Benchmark time: 1 CPUs 0.0304414 s/step 0.176166 days/ns 55.7852 MB memory
Info: Benchmark time: 1 CPUs 0.0340317 s/step 0.196942 days/ns 55.7852 MB memory
Info: Benchmark time: 1 CPUs 0.0347613 s/step 0.201165 days/ns 55.7852 MB memory
Info: Benchmark time: 1 CPUs 0.0352546 s/step 0.20402 days/ns 56.3359 MB memory
Info: Benchmark time: 1 CPUs 0.0348266 s/step 0.201543 days/ns 56.3359 MB memory
WRITING EXTENDED SYSTEM TO RESTART FILE AT STEP 500
WRITING COORDINATES TO RESTART FILE AT STEP 500
FINISHED WRITING RESTART COORDINATES
The last position output (seq=500) takes 0.000 seconds, 56.336 MB of memory in use
WRITING VELOCITIES TO RESTART FILE AT STEP 500
FINISHED WRITING RESTART VELOCITIES
The last velocity output (seq=500) takes 0.000 seconds, 56.336 MB of memory in use
PRESSURE: 1000 211.083 248.824 -89.2263 248.824 43.7993 -260.595 -89.2263 -260.595 -200.322
GPRESSURE: 1000 318.746 454.493 160.54 318.253 131.277 -121.899 -101.831 -296.578 -325.397
PRESSAVG: 1000 -74.3667 78.0321 16.0844 78.0321 33.5081 -36.0207 16.0844 -36.0207 10.9289
GPRESSAVG: 1000 -75.1856 79.107 13.9786 76.7715 33.5775 -36.7772 15.5245 -34.2774 10.6435
ENERGY:    1000         0.1138         3.4370         0.2307         0.0000         -10157.0624      1460.8667         0.0000         0.0000      1410.2927          -7282.1215       265.6528     -8692.4142     -7277.6247       196.4498             18.1870        41.5419     28127.8789        -9.9766       -10.3215
TI:        1000         1.4536         0.9267        -1.9040         1.2283              0.8960        -1.5612

WRITING EXTENDED SYSTEM TO RESTART FILE AT STEP 1000
WRITING COORDINATES TO RESTART FILE AT STEP 1000
FINISHED WRITING RESTART COORDINATES
The last position output (seq=1000) takes 0.000 seconds, 58.102 MB of memory in use
WRITING VELOCITIES TO RESTART FILE AT STEP 1000
FINISHED WRITING RESTART VELOCITIES
The last velocity output (seq=1000) takes 0.000 seconds, 58.102 MB of memory in use
====================================================

WallClock: 32.628963  CPUTime: 31.699696  Memory: 58.101562 MB
[Partition 0][Node 0] End of program
TCL: Suspending until startup complete.
Warning: The following variables were set in the
Warning: configuration file but will be ignored:
Warning:    paraTypeCharmm (parameters)
Info: EXTENDED SYSTEM FILE   /home/a/post_qa/TIES_MD/TIES_MD/examples/ethane_namd/zero_sum/leg1/LAMBDA_1.00/rep0/equilibration/eq1.xsc
Info: Tuning parameters to improve CUDASOAintegrate performance
Info:   Setting margin to 4
Warning: The Langevin gamma parameters differ over the particles,
Warning: requiring extra work per step to constrain rigid bonds.
Warning: Disabling lonepair support due to incompatability with SOA.
Info: Using SOA integration routine
Info: Using CUDA SOA integration routine
Warning: Always using force tables for CUDA nonbonded kernel due to unsupported config parameters.
Info: SIMULATION PARAMETERS:
Info: TIMESTEP               2
Info: NUMBER OF STEPS        0
Info: STEPS PER CYCLE        10
Info: PERIODIC CELL BASIS 1  34.55 0 0
Info: PERIODIC CELL BASIS 2  -11.5167 32.5742 0
Info: PERIODIC CELL BASIS 3  -11.5167 -16.2871 28.2101
Info: PERIODIC CELL CENTER   0 0 0
Info: WRAPPING WATERS AROUND PERIODIC BOUNDARIES ON OUTPUT.
Info: WRAPPING ALL CLUSTERS AROUND PERIODIC BOUNDARIES ON OUTPUT.
Info: LOAD BALANCER  Centralized
Info: LOAD BALANCING STRATEGY  New Load Balancers -- DEFAULT
Info: LDB PERIOD             2000 steps
Info: FIRST LDB TIMESTEP     50
Info: LAST LDB TIMESTEP     -1
Info: LDB BACKGROUND SCALING 1
Info: HOM BACKGROUND SCALING 1
Info: PME BACKGROUND SCALING 1
Info: MIN ATOMS PER PATCH    40
Info: EMPTY PATCH LOAD       40 ATOMS
Info: VELOCITY FILE          /home/a/post_qa/TIES_MD/TIES_MD/examples/ethane_namd/zero_sum/leg1/LAMBDA_1.00/rep0/equilibration/eq1.vel
Info: CENTER OF MASS MOVING INITIALLY? NO
Info: DIELECTRIC             1
Info: EXCLUDE                SCALED ONE-FOUR
Info: 1-4 ELECTROSTATICS SCALED BY 0.833333
Info: MODIFIED 1-4 VDW PARAMETERS WILL BE USED
Info: DCD FILENAME           /home/a/post_qa/TIES_MD/TIES_MD/examples/ethane_namd/zero_sum/leg1/LAMBDA_1.00/rep0/equilibration/eq2.dcd
Info: DCD FREQUENCY          5000
Info: DCD FIRST STEP         5000
Info: DCD FILE WILL CONTAIN UNIT CELL DATA
Info: XST FILENAME           /home/a/post_qa/TIES_MD/TIES_MD/examples/ethane_namd/zero_sum/leg1/LAMBDA_1.00/rep0/equilibration/eq2.xst
Info: XST FREQUENCY          5000
Info: NO VELOCITY DCD OUTPUT
Info: NO FORCE DCD OUTPUT
Info: OUTPUT FILENAME        /home/a/post_qa/TIES_MD/TIES_MD/examples/ethane_namd/zero_sum/leg1/LAMBDA_1.00/rep0/equilibration/eq2
Info: BINARY OUTPUT FILES WILL BE USED
Info: RESTART FILENAME       /home/a/post_qa/TIES_MD/TIES_MD/examples/ethane_namd/zero_sum/leg1/LAMBDA_1.00/rep0/equilibration/eq2
Info: RESTART FREQUENCY      500
Info: BINARY RESTART FILES WILL BE USED
Info: SWITCHING ACTIVE
Info: SWITCHING ON           10
Info: SWITCHING OFF          12
Info: PAIRLIST DISTANCE      13.5
Info: PAIRLIST SHRINK RATE   0.01
Info: PAIRLIST GROW RATE     0.01
Info: PAIRLIST TRIGGER       0.3
Info: PAIRLISTS PER CYCLE    2
Info: PAIRLISTS ENABLED
Info: MARGIN                 4
Info: HYDROGEN GROUP CUTOFF  2.5
Info: PATCH DIMENSION        20
Info: ENERGY OUTPUT STEPS    1000
Info: ENERGY EVALUATION STEPS    1000
Info: CROSSTERM ENERGY INCLUDED IN DIHEDRAL
Info: TIMING OUTPUT STEPS    10000
Info: PRESSURE OUTPUT STEPS  1000
Info: THERMODYNAMIC INTEGRATION (TI) ON
Info: TI LAMBDA VALUE     1
Info: TI INTRA-ALCHEMICAL NON-BONDED INTERACTIONS WILL BE RETAINED
Info: TI INTRA-ALCHEMICAL BONDED INTERACTIONS WILL BE RETAINED
Info: TI VDW SHIFTING COEFFICIENT 5
Info: TI ELEC. ACTIVE FOR ANNIHILATED PARTICLES BETWEEN LAMBDA = 0 AND LAMBDA = 0.55
Info: TI ELEC. ACTIVE FOR EXNIHILATED PARTICLES BETWEEN LAMBDA = 0.45 AND LAMBDA = 1
Info: TI VDW ACTIVE FOR ANNIHILATED PARTICLES BETWEEN LAMBDA = 0 AND LAMBDA = 1
Info: TI VDW ACTIVE FOR EXNIHILATED PARTICLES BETWEEN LAMBDA = 0 AND LAMBDA = 1
Info: TI BOND ACTIVE FOR ANNIHILATED PARTICLES BETWEEN LAMBDA = 1 AND LAMBDA = 1
Info: TI BOND ACTIVE FOR EXNIHILATED PARTICLES BETWEEN LAMBDA = 0 AND LAMBDA = 0
Info: LANGEVIN DYNAMICS ACTIVE
Info: LANGEVIN TEMPERATURE   300
Info: LANGEVIN USING BBK INTEGRATOR
Info: LANGEVIN DAMPING COEFFICIENT IS 5 INVERSE PS
Info: LANGEVIN DYNAMICS NOT APPLIED TO HYDROGENS
Info: LANGEVIN PISTON PRESSURE CONTROL ACTIVE
Info:        TARGET PRESSURE IS 1.01325 BAR
Info:     OSCILLATION PERIOD IS 200 FS
Info:             DECAY TIME IS 100 FS
Info:     PISTON TEMPERATURE IS 300 K
Info:       PRESSURE CONTROL IS GROUP-BASED
Info:    INITIAL STRAIN RATE IS 0 0 0
Info:       CELL FLUCTUATION IS ISOTROPIC
Info: PARTICLE MESH EWALD (PME) ACTIVE
Info: PME TOLERANCE               1e-06
Info: PME EWALD COEFFICIENT       0.257952
Info: PME INTERPOLATION ORDER     4
Info: PME GRID DIMENSIONS         36 36 36
Info: PME MAXIMUM GRID SPACING    1
Info: Attempting to read FFTW data from FFTW_NAMD_3.0alpha13_Linux-x86_64-multicore-CUDA.txt
Info: Optimizing 6 FFT steps.  1... 2... 3... 4... 5... 6...   Done.
Info: Writing FFTW data to FFTW_NAMD_3.0alpha13_Linux-x86_64-multicore-CUDA.txt
Info: FULL ELECTROSTATIC EVALUATION FREQUENCY      2
Info: USING VERLET I (r-RESPA) MTS SCHEME.
Info: C1 SPLITTING OF LONG RANGE ELECTROSTATICS
Info: PLACING ATOMS IN PATCHES BY HYDROGEN GROUPS
Info: RIGID BONDS TO HYDROGEN : ALL
Info:         ERROR TOLERANCE : 1e-05
Info:          MAX ITERATIONS : 100
Info: RIGID WATER USING SETTLE ALGORITHM
Info: RANDOM NUMBER SEED     1660224122
Info: USE HYDROGEN BONDS?    NO
Info: Using AMBER format force field!
Info: AMBER PARM FILE        /home/a/post_qa/TIES_MD/TIES_MD/examples/ethane_namd/zero_sum/leg1/build/sys_solv.prmtop
Info: COORDINATE PDB         /home/a/post_qa/TIES_MD/TIES_MD/examples/ethane_namd/zero_sum/leg1/build/sys_solv.pdb
Info: Exclusions in PARM file will be ignored!
Info: SCNB (VDW SCALING)     2
Info: USING ARITHMETIC MEAN TO COMBINE L-J SIGMA PARAMETERS
Info: BINARY COORDINATES     /home/a/post_qa/TIES_MD/TIES_MD/examples/ethane_namd/zero_sum/leg1/LAMBDA_1.00/rep0/equilibration/eq1.coor
Info: === Start reading AMBER parm7 format file /home/a/post_qa/TIES_MD/TIES_MD/examples/ethane_namd/zero_sum/leg1/build/sys_solv.prmtop ===
Info: Complete reading ATOM_NAME with 2670 fields.
Info: Complete reading CHARGE with 2670 fields.
Info: Complete reading ATOMIC_NUMBER with 2670 fields.
Info: Complete reading MASS with 2670 fields.
Info: Complete reading ATOM_TYPE_INDEX with 2670 fields.
Info: Complete reading NUMBER_EXCLUDED_ATOMS with 2670 fields.
Info: Complete reading NONBONDED_PARM_INDEX with 16 fields.
Info: Complete reading RESIDUE_LABEL with 887 fields.
Info: Complete reading RESIDUE_POINTER with 887 fields.
Info: Complete reading BOND_FORCE_CONSTANT with 4 fields.
Info: Complete reading BOND_EQUIL_VALUE with 4 fields.
Info: Complete reading ANGLE_FORCE_CONSTANT with 3 fields.
Info: Complete reading ANGLE_EQUIL_VALUE with 3 fields.
Info: Complete reading DIHEDRAL_FORCE_CONSTANT with 2 fields.
Info: Complete reading DIHEDRAL_PERIODICITY with 2 fields.
Info: Complete reading DIHEDRAL_PHASE with 2 fields.
Info: Complete reading SCEE_SCALE_FACTOR with 2 fields.
Info: Complete reading SCNB_SCALE_FACTOR with 2 fields.
Info: Complete reading LENNARD_JONES_ACOEF with 10 fields.
Info: Complete reading LENNARD_JONES_BCOEF with 10 fields.
Info: Complete reading BONDS_INC_HYDROGEN with 8001 fields.
Info: Complete reading BONDS_WITHOUT_HYDROGEN with 6 fields.
Info: Complete reading ANGLES_INC_HYDROGEN with 84 fields.
Info: Complete reading ANGLES_WITHOUT_HYDROGEN with 4 fields.
Info: Complete reading DIHEDRALS_INC_HYDROGEN with 120 fields.
Info: Complete reading DIHEDRALS_WITHOUT_HYDROGEN with 0 fields.
Info: Complete reading EXCLUDED_ATOMS_LIST with 3602 fields.
Info: Complete reading HBOND_ACOEF with 1 fields.
Info: Complete reading HBOND_BCOEF with 1 fields.
Info: Complete reading AMBER_ATOM_TYPE with 2670 fields.
Info: Complete reading TREE_CHAIN_CLASSIFICATION with 2670 fields.
Info: Complete reading ATOMS_PER_MOLECULE with 887 fields.
Info: Complete reading BOX_DIMENSIONS with 4 fields.
Info: Complete reading RADIUS_SET with 1 fields.
Info: Complete reading RADII with 2670 fields.
Info: Complete reading SCREEN with 2670 fields.
Info: === Finish reading AMBER parm7 format file. ===
Warning: Encounter 10-12 H-bond term
Warning: Found 886 H-H bonds.
Info: SUMMARY OF PARAMETERS:
Info: 4 BONDS
Info: 3 ANGLES
Info:   3 HARMONIC
Info:   0 COSINE-BASED
Info: 2 DIHEDRAL
Info: 0 IMPROPER
Info: 0 CROSSTERM
Info: 0 VDW
Info: 10 VDW_PAIRS
Info: 0 NBTHOLE_PAIRS
Info: Reading pdb file /home/a/post_qa/TIES_MD/TIES_MD/examples/ethane_namd/zero_sum/leg1/build/sys_solv.pdb
Info: TIME FOR READING PDB FILE: 0.00317575
Info: 
Info: To read alchdata from file: /home/a/post_qa/TIES_MD/TIES_MD/examples/ethane_namd/zero_sum/leg1/build/sys_solv.pdb
Info: To read alchflag data from column: 5
Info: ****************************
Info: STRUCTURE SUMMARY:
Info: 2670 ATOMS
Info: 2669 BONDS
Info: 21 ANGLES
Info: 18 DIHEDRALS
Info: 0 IMPROPERS
Info: 0 CROSSTERMS
Info: 0 EXCLUSIONS
Info: 2667 RIGID BONDS
Info: ALCH: 4 ATOMS TO DISAPPEAR IN FINAL STATE
Info: ALCH: 4 ATOMS TO APPEAR IN FINAL STATE
Info: ALCH: 1 ANGLES LINKING INITIAL AND FINAL ATOMS DELETED
Info: ALCH: 6 DIHEDRALS LINKING INITIAL AND FINAL ATOMS DELETED
Info: 5343 DEGREES OF FREEDOM
Info: 889 HYDROGEN GROUPS
Info: 4 ATOMS IN LARGEST HYDROGEN GROUP
Info: 889 MIGRATION GROUPS
Info: 4 ATOMS IN LARGEST MIGRATION GROUP
Info: TOTAL MASS = 16007.3 amu
Info: TOTAL CHARGE = 0.00300001 e
Info: MASS DENSITY = 0.83724 g/cm^3
Info: ATOM DENSITY = 0.0840978 atoms/A^3
Info: *****************************
Info: Reading from binary file /home/a/post_qa/TIES_MD/TIES_MD/examples/ethane_namd/zero_sum/leg1/LAMBDA_1.00/rep0/equilibration/eq1.coor
Info: 
Info: Entering startup at 0.410468 s, 0 MB of memory in use
Info: Startup phase 0 took 3.7996e-05 s, 0 MB of memory in use
Info: ADDED 2708 IMPLICIT EXCLUSIONS
Info: Startup phase 1 took 0.000581767 s, 0 MB of memory in use
Info: NONBONDED TABLE R-SQUARED SPACING: 0.0625
Info: NONBONDED TABLE SIZE: 769 POINTS
Info: INCONSISTENCY IN FAST TABLE ENERGY VS FORCE: 0.000325096 AT 11.9556
Info: INCONSISTENCY IN SCOR TABLE ENERGY VS FORCE: 0.000324844 AT 11.9556
Info: INCONSISTENCY IN VDWA TABLE ENERGY VS FORCE: 0.0040507 AT 0.251946
Info: INCONSISTENCY IN VDWB TABLE ENERGY VS FORCE: 0.00150189 AT 0.251946
Info: Startup phase 2 took 0.000162162 s, 0 MB of memory in use
Info: Startup phase 3 took 1.4071e-05 s, 0 MB of memory in use
Info: Startup phase 4 took 1.2521e-05 s, 0 MB of memory in use
Info: Startup phase 5 took 1.0321e-05 s, 0 MB of memory in use
Info: PATCH GRID IS 1 (PERIODIC) BY 1 (PERIODIC) BY 1 (PERIODIC)
Info: PATCH GRID IS 1-AWAY BY 1-AWAY BY 1-AWAY
Info: Reading from binary file /home/a/post_qa/TIES_MD/TIES_MD/examples/ethane_namd/zero_sum/leg1/LAMBDA_1.00/rep0/equilibration/eq1.vel
Info: REMOVING COM VELOCITY -0.00283677 -0.0878932 -0.00619807
Info: LARGEST PATCH (0) HAS 2670 ATOMS
Info: TORUS A SIZE 1 USING 0
Info: TORUS B SIZE 1 USING 0
Info: TORUS C SIZE 1 USING 0
Info: TORUS MINIMAL MESH SIZE IS 1 BY 1 BY 1
Info: Placed 100% of base nodes on same physical node as patch
Info: Startup phase 6 took 0.000375725 s, 0 MB of memory in use
Info: Use 3D box decompostion in PME FFT.
Info: PME using 1 x 1 x 1 pencil grid for FFT and reciprocal sum.
Info: Startup phase 7 took 5.6986e-05 s, 0 MB of memory in use
Info: Updated CUDA force table with 4096 elements.
Info: Updated CUDA LJ table with 4 x 4 elements.
Info: Startup phase 8 took 0.0022266 s, 0 MB of memory in use
Info: Startup phase 9 took 4.4309e-05 s, 0 MB of memory in use
Info: Startup phase 10 took 1.1391e-05 s, 0 MB of memory in use
Info: Startup phase 11 took 0.00479918 s, 0 MB of memory in use
LDB: Central LB being created...
Info: Startup phase 12 took 0.00178647 s, 0 MB of memory in use
Info: CREATING 29 COMPUTE OBJECTS
Info: Found 15 unique exclusion lists needing 28 bytes
Info: Startup phase 13 took 0.00469963 s, 0 MB of memory in use
Info: Startup phase 14 took 7.8117e-05 s, 0 MB of memory in use
Info: Startup phase 15 took 1.8346e-05 s, 0 MB of memory in use
Info: Finished startup at 0.425383 s, 0 MB of memory in use

TCL: Running for 1000 steps
TI: RESETTING FOR NEW WINDOW LAMBDA SET TO 1
TI: WINDOW TO HAVE 0 STEPS OF EQUILIBRATION PRIOR TO TI DATA COLLECTION.
PRESSURE: 0 -3709.3 152.961 169.497 152.964 -2905.66 259.962 169.486 259.972 -3072.92
GPRESSURE: 0 -3684.14 153.853 167.699 158.077 -2878.43 268.917 169.964 243.204 -3039.75
ETITLE:      TS           BOND          ANGLE          DIHED          IMPRP               ELECT            VDW       BOUNDARY           MISC        KINETIC               TOTAL           TEMP      POTENTIAL         TOTAL3        TEMPAVG            PRESSURE      GPRESSURE         VOLUME       PRESSAVG      GPRESSAVG
TITITLE:     TS          BOND1         ELECT1           VDW1          BOND2              ELECT2           VDW2

ENERGY:       0         0.0151         0.3327         0.0022         0.0000         -11831.1893      1785.2491         0.0000         0.0000       119.4761          -9926.1142        22.5054    -10045.5903     -9926.0724        22.5054          -3229.2937     -3200.7742     31748.7481     -3229.2937     -3200.7742
TI:           0         0.1470         1.0922        -1.1458         0.1097              1.0921        -1.0107

OPENING TI ENERGY OUTPUT FILE
OPENING EXTENDED SYSTEM TRAJECTORY FILE
Info: Initial time: 1 CPUs 0.00190599 s/step 90.6616 ns/day 0 MB memory
Info: Initial time: 1 CPUs 0.000980662 s/step 176.208 ns/day 0 MB memory
Info: Initial time: 1 CPUs 0.000919043 s/step 188.022 ns/day 0 MB memory
Info: Benchmark time: 1 CPUs 0.000901191 s/step 191.746 ns/day 0 MB memory
Info: Benchmark time: 1 CPUs 0.000935283 s/step 184.757 ns/day 0 MB memory
Info: Benchmark time: 1 CPUs 0.000919235 s/step 187.982 ns/day 0 MB memory
Info: Benchmark time: 1 CPUs 0.000910486 s/step 189.789 ns/day 0 MB memory
Info: Benchmark time: 1 CPUs 0.000913886 s/step 189.083 ns/day 0 MB memory
Info: Benchmark time: 1 CPUs 0.000928473 s/step 186.112 ns/day 0 MB memory
WRITING EXTENDED SYSTEM TO RESTART FILE AT STEP 500
WRITING COORDINATES TO RESTART FILE AT STEP 500
FINISHED WRITING RESTART COORDINATES
The last position output (seq=500) takes 0.000 seconds, 0.000 MB of memory in use
WRITING VELOCITIES TO RESTART FILE AT STEP 500
FINISHED WRITING RESTART VELOCITIES
The last velocity output (seq=500) takes 0.000 seconds, 0.000 MB of memory in use
PRESSURE: 1000 -144.921 49.8294 -209.367 49.8344 -511.17 333.325 -209.358 333.328 718.891
GPRESSURE: 1000 -170.856 174.579 -237.004 -127.997 -438.827 227.366 -159.307 271.273 846.39
PRESSAVG: 1000 -20.465 98.1811 86.3124 98.181 -47.8073 -77.537 86.3122 -77.5369 19.4594
GPRESSAVG: 1000 -4.40921 98.8307 88.9531 97.6079 -32.2411 -79.4782 87.4279 -79.7295 34.9742
ENERGY:    1000         0.7073         4.3464         0.0826         0.0000         -10156.9006      1417.0429         0.0000         0.0000      1453.9431          -7280.7783       273.8751     -8734.7213     -7278.9501       199.5223             20.9334        78.9026     27118.3814       -16.2710        -0.5587
TI:        1000         1.7021         0.9815         0.1578         1.4964              1.0033        -1.9989

WRITING EXTENDED SYSTEM TO RESTART FILE AT STEP 1000
WRITING COORDINATES TO RESTART FILE AT STEP 1000
FINISHED WRITING RESTART COORDINATES
The last position output (seq=1000) takes 0.000 seconds, 0.000 MB of memory in use
WRITING VELOCITIES TO RESTART FILE AT STEP 1000
FINISHED WRITING RESTART VELOCITIES
The last velocity output (seq=1000) takes 0.000 seconds, 0.000 MB of memory in use
====================================================

WallClock: 1.520461  CPUTime: 1.513008  Memory: 0.000000 MB
[Partition 0][Node 0] End of program
TCL: Suspending until startup complete.
Warning: The following variables were set in the
Warning: configuration file but will be ignored:
Warning:    paraTypeCharmm (parameters)
Info: EXTENDED SYSTEM FILE   /home/a/post_qa/TIES_MD/TIES_MD/examples/ethane_namd/zero_sum/leg1/LAMBDA_1.00/rep0/equilibration/eq1.xsc
Info: Tuning parameters to improve CUDASOAintegrate performance
Info:   Setting margin to 4
Warning: The Langevin gamma parameters differ over the particles,
Warning: requiring extra work per step to constrain rigid bonds.
Warning: Disabling lonepair support due to incompatability with SOA.
Info: Using SOA integration routine
Info: Using CUDA SOA integration routine
Warning: Always using force tables for CUDA nonbonded kernel due to unsupported config parameters.
Info: SIMULATION PARAMETERS:
Info: TIMESTEP               2
Info: NUMBER OF STEPS        0
Info: STEPS PER CYCLE        10
Info: PERIODIC CELL BASIS 1  34.55 0 0
Info: PERIODIC CELL BASIS 2  -11.5167 32.5742 0
Info: PERIODIC CELL BASIS 3  -11.5167 -16.2871 28.2101
Info: PERIODIC CELL CENTER   0 0 0
Info: WRAPPING WATERS AROUND PERIODIC BOUNDARIES ON OUTPUT.
Info: WRAPPING ALL CLUSTERS AROUND PERIODIC BOUNDARIES ON OUTPUT.
Info: LOAD BALANCER  Centralized
Info: LOAD BALANCING STRATEGY  New Load Balancers -- DEFAULT
Info: LDB PERIOD             2000 steps
Info: FIRST LDB TIMESTEP     50
Info: LAST LDB TIMESTEP     -1
Info: LDB BACKGROUND SCALING 1
Info: HOM BACKGROUND SCALING 1
Info: PME BACKGROUND SCALING 1
Info: MIN ATOMS PER PATCH    40
Info: EMPTY PATCH LOAD       40 ATOMS
Info: VELOCITY FILE          /home/a/post_qa/TIES_MD/TIES_MD/examples/ethane_namd/zero_sum/leg1/LAMBDA_1.00/rep0/equilibration/eq1.vel
Info: CENTER OF MASS MOVING INITIALLY? NO
Info: DIELECTRIC             1
Info: EXCLUDE                SCALED ONE-FOUR
Info: 1-4 ELECTROSTATICS SCALED BY 0.833333
Info: MODIFIED 1-4 VDW PARAMETERS WILL BE USED
Info: DCD FILENAME           /home/a/post_qa/TIES_MD/TIES_MD/examples/ethane_namd/zero_sum/leg1/LAMBDA_1.00/rep0/equilibration/eq2.dcd
Info: DCD FREQUENCY          5000
Info: DCD FIRST STEP         5000
Info: DCD FILE WILL CONTAIN UNIT CELL DATA
Info: XST FILENAME           /home/a/post_qa/TIES_MD/TIES_MD/examples/ethane_namd/zero_sum/leg1/LAMBDA_1.00/rep0/equilibration/eq2.xst
Info: XST FREQUENCY          5000
Info: NO VELOCITY DCD OUTPUT
Info: NO FORCE DCD OUTPUT
Info: OUTPUT FILENAME        /home/a/post_qa/TIES_MD/TIES_MD/examples/ethane_namd/zero_sum/leg1/LAMBDA_1.00/rep0/equilibration/eq2
Info: BINARY OUTPUT FILES WILL BE USED
Info: RESTART FILENAME       /home/a/post_qa/TIES_MD/TIES_MD/examples/ethane_namd/zero_sum/leg1/LAMBDA_1.00/rep0/equilibration/eq2
Info: RESTART FREQUENCY      500
Info: BINARY RESTART FILES WILL BE USED
Info: SWITCHING ACTIVE
Info: SWITCHING ON           10
Info: SWITCHING OFF          12
Info: PAIRLIST DISTANCE      13.5
Info: PAIRLIST SHRINK RATE   0.01
Info: PAIRLIST GROW RATE     0.01
Info: PAIRLIST TRIGGER       0.3
Info: PAIRLISTS PER CYCLE    2
Info: PAIRLISTS ENABLED
Info: MARGIN                 4
Info: HYDROGEN GROUP CUTOFF  2.5
Info: PATCH DIMENSION        20
Info: ENERGY OUTPUT STEPS    1000
Info: ENERGY EVALUATION STEPS    1000
Info: CROSSTERM ENERGY INCLUDED IN DIHEDRAL
Info: TIMING OUTPUT STEPS    10000
Info: PRESSURE OUTPUT STEPS  1000
Info: HARMONIC CONSTRAINTS ACTIVE
Info: HARMONIC CONS EXP      2
Info: THERMODYNAMIC INTEGRATION (TI) ON
Info: TI LAMBDA VALUE     1
Info: TI INTRA-ALCHEMICAL NON-BONDED INTERACTIONS WILL BE RETAINED
Info: TI INTRA-ALCHEMICAL BONDED INTERACTIONS WILL BE RETAINED
Info: TI VDW SHIFTING COEFFICIENT 5
Info: TI ELEC. ACTIVE FOR ANNIHILATED PARTICLES BETWEEN LAMBDA = 0 AND LAMBDA = 0.55
Info: TI ELEC. ACTIVE FOR EXNIHILATED PARTICLES BETWEEN LAMBDA = 0.45 AND LAMBDA = 1
Info: TI VDW ACTIVE FOR ANNIHILATED PARTICLES BETWEEN LAMBDA = 0 AND LAMBDA = 1
Info: TI VDW ACTIVE FOR EXNIHILATED PARTICLES BETWEEN LAMBDA = 0 AND LAMBDA = 1
Info: TI BOND ACTIVE FOR ANNIHILATED PARTICLES BETWEEN LAMBDA = 1 AND LAMBDA = 1
Info: TI BOND ACTIVE FOR EXNIHILATED PARTICLES BETWEEN LAMBDA = 0 AND LAMBDA = 0
Info: LANGEVIN DYNAMICS ACTIVE
Info: LANGEVIN TEMPERATURE   300
Info: LANGEVIN USING BBK INTEGRATOR
Info: LANGEVIN DAMPING COEFFICIENT IS 5 INVERSE PS
Info: LANGEVIN DYNAMICS NOT APPLIED TO HYDROGENS
Info: LANGEVIN PISTON PRESSURE CONTROL ACTIVE
Info:        TARGET PRESSURE IS 1.01325 BAR
Info:     OSCILLATION PERIOD IS 200 FS
Info:             DECAY TIME IS 100 FS
Info:     PISTON TEMPERATURE IS 300 K
Info:       PRESSURE CONTROL IS GROUP-BASED
Info:    INITIAL STRAIN RATE IS 0 0 0
Info:       CELL FLUCTUATION IS ISOTROPIC
Info: PARTICLE MESH EWALD (PME) ACTIVE
Info: PME TOLERANCE               1e-06
Info: PME EWALD COEFFICIENT       0.257952
Info: PME INTERPOLATION ORDER     4
Info: PME GRID DIMENSIONS         36 36 36
Info: PME MAXIMUM GRID SPACING    1
Info: Attempting to read FFTW data from FFTW_NAMD_3.0alpha13_Linux-x86_64-multicore-CUDA.txt
Info: Optimizing 6 FFT steps.  1... 2... 3... 4... 5... 6...   Done.
Info: Writing FFTW data to FFTW_NAMD_3.0alpha13_Linux-x86_64-multicore-CUDA.txt
Info: FULL ELECTROSTATIC EVALUATION FREQUENCY      2
Info: USING VERLET I (r-RESPA) MTS SCHEME.
Info: C1 SPLITTING OF LONG RANGE ELECTROSTATICS
Info: PLACING ATOMS IN PATCHES BY HYDROGEN GROUPS
Info: RIGID BONDS TO HYDROGEN : ALL
Info:         ERROR TOLERANCE : 1e-05
Info:          MAX ITERATIONS : 100
Info: RIGID WATER USING SETTLE ALGORITHM
Info: RANDOM NUMBER SEED     1660224800
Info: USE HYDROGEN BONDS?    NO
Info: Using AMBER format force field!
Info: AMBER PARM FILE        /home/a/post_qa/TIES_MD/TIES_MD/examples/ethane_namd/zero_sum/leg1/build/sys_solv.prmtop
Info: COORDINATE PDB         /home/a/post_qa/TIES_MD/TIES_MD/examples/ethane_namd/zero_sum/leg1/build/sys_solv.pdb
Info: Exclusions in PARM file will be ignored!
Info: SCNB (VDW SCALING)     2
Info: USING ARITHMETIC MEAN TO COMBINE L-J SIGMA PARAMETERS
Info: BINARY COORDINATES     /home/a/post_qa/TIES_MD/TIES_MD/examples/ethane_namd/zero_sum/leg1/LAMBDA_1.00/rep0/equilibration/eq1.coor
Info: === Start reading AMBER parm7 format file /home/a/post_qa/TIES_MD/TIES_MD/examples/ethane_namd/zero_sum/leg1/build/sys_solv.prmtop ===
Info: Complete reading ATOM_NAME with 2670 fields.
Info: Complete reading CHARGE with 2670 fields.
Info: Complete reading ATOMIC_NUMBER with 2670 fields.
Info: Complete reading MASS with 2670 fields.
Info: Complete reading ATOM_TYPE_INDEX with 2670 fields.
Info: Complete reading NUMBER_EXCLUDED_ATOMS with 2670 fields.
Info: Complete reading NONBONDED_PARM_INDEX with 16 fields.
Info: Complete reading RESIDUE_LABEL with 887 fields.
Info: Complete reading RESIDUE_POINTER with 887 fields.
Info: Complete reading BOND_FORCE_CONSTANT with 4 fields.
Info: Complete reading BOND_EQUIL_VALUE with 4 fields.
Info: Complete reading ANGLE_FORCE_CONSTANT with 3 fields.
Info: Complete reading ANGLE_EQUIL_VALUE with 3 fields.
Info: Complete reading DIHEDRAL_FORCE_CONSTANT with 2 fields.
Info: Complete reading DIHEDRAL_PERIODICITY with 2 fields.
Info: Complete reading DIHEDRAL_PHASE with 2 fields.
Info: Complete reading SCEE_SCALE_FACTOR with 2 fields.
Info: Complete reading SCNB_SCALE_FACTOR with 2 fields.
Info: Complete reading LENNARD_JONES_ACOEF with 10 fields.
Info: Complete reading LENNARD_JONES_BCOEF with 10 fields.
Info: Complete reading BONDS_INC_HYDROGEN with 8001 fields.
Info: Complete reading BONDS_WITHOUT_HYDROGEN with 6 fields.
Info: Complete reading ANGLES_INC_HYDROGEN with 84 fields.
Info: Complete reading ANGLES_WITHOUT_HYDROGEN with 4 fields.
Info: Complete reading DIHEDRALS_INC_HYDROGEN with 120 fields.
Info: Complete reading DIHEDRALS_WITHOUT_HYDROGEN with 0 fields.
Info: Complete reading EXCLUDED_ATOMS_LIST with 3602 fields.
Info: Complete reading HBOND_ACOEF with 1 fields.
Info: Complete reading HBOND_BCOEF with 1 fields.
Info: Complete reading AMBER_ATOM_TYPE with 2670 fields.
Info: Complete reading TREE_CHAIN_CLASSIFICATION with 2670 fields.
Info: Complete reading ATOMS_PER_MOLECULE with 887 fields.
Info: Complete reading BOX_DIMENSIONS with 4 fields.
Info: Complete reading RADIUS_SET with 1 fields.
Info: Complete reading RADII with 2670 fields.
Info: Complete reading SCREEN with 2670 fields.
Info: === Finish reading AMBER parm7 format file. ===
Warning: Encounter 10-12 H-bond term
Warning: Found 886 H-H bonds.
Info: SUMMARY OF PARAMETERS:
Info: 4 BONDS
Info: 3 ANGLES
Info:   3 HARMONIC
Info:   0 COSINE-BASED
Info: 2 DIHEDRAL
Info: 0 IMPROPER
Info: 0 CROSSTERM
Info: 0 VDW
Info: 10 VDW_PAIRS
Info: 0 NBTHOLE_PAIRS
Info: Reading pdb file /home/a/post_qa/TIES_MD/TIES_MD/examples/ethane_namd/zero_sum/leg1/build/sys_solv.pdb
Info: TIME FOR READING PDB FILE: 0.00276803
Info: 
Info: To read alchdata from file: /home/a/post_qa/TIES_MD/TIES_MD/examples/ethane_namd/zero_sum/leg1/build/sys_solv.pdb
Info: To read alchflag data from column: 5
Info: ****************************
Info: STRUCTURE SUMMARY:
Info: 2670 ATOMS
Info: 2669 BONDS
Info: 21 ANGLES
Info: 18 DIHEDRALS
Info: 0 IMPROPERS
Info: 0 CROSSTERMS
Info: 0 EXCLUSIONS
Info: 12 CONSTRAINTS
Info: 2667 RIGID BONDS
Info: ALCH: 4 ATOMS TO DISAPPEAR IN FINAL STATE
Info: ALCH: 4 ATOMS TO APPEAR IN FINAL STATE
Info: ALCH: 1 ANGLES LINKING INITIAL AND FINAL ATOMS DELETED
Info: ALCH: 6 DIHEDRALS LINKING INITIAL AND FINAL ATOMS DELETED
Info: 5343 DEGREES OF FREEDOM
Info: 889 HYDROGEN GROUPS
Info: 4 ATOMS IN LARGEST HYDROGEN GROUP
Info: 889 MIGRATION GROUPS
Info: 4 ATOMS IN LARGEST MIGRATION GROUP
Info: TOTAL MASS = 16007.3 amu
Info: TOTAL CHARGE = 0.00300001 e
Info: MASS DENSITY = 0.83724 g/cm^3
Info: ATOM DENSITY = 0.0840978 atoms/A^3
Info: *****************************
Info: Reading from binary file /home/a/post_qa/TIES_MD/TIES_MD/examples/ethane_namd/zero_sum/leg1/LAMBDA_1.00/rep0/equilibration/eq1.coor
Info: 
Info: Entering startup at 0.443974 s, 0 MB of memory in use
Info: Startup phase 0 took 3.7143e-05 s, 0 MB of memory in use
Info: ADDED 2708 IMPLICIT EXCLUSIONS
Info: Startup phase 1 took 0.000622496 s, 0 MB of memory in use
Info: NONBONDED TABLE R-SQUARED SPACING: 0.0625
Info: NONBONDED TABLE SIZE: 769 POINTS
Info: INCONSISTENCY IN FAST TABLE ENERGY VS FORCE: 0.000325096 AT 11.9556
Info: INCONSISTENCY IN SCOR TABLE ENERGY VS FORCE: 0.000324844 AT 11.9556
Info: INCONSISTENCY IN VDWA TABLE ENERGY VS FORCE: 0.0040507 AT 0.251946
Info: INCONSISTENCY IN VDWB TABLE ENERGY VS FORCE: 0.00150189 AT 0.251946
Info: Startup phase 2 took 0.000169387 s, 0 MB of memory in use
Info: Startup phase 3 took 1.4195e-05 s, 0 MB of memory in use
Info: Startup phase 4 took 1.1697e-05 s, 0 MB of memory in use
Info: Startup phase 5 took 1.0225e-05 s, 0 MB of memory in use
Info: PATCH GRID IS 1 (PERIODIC) BY 1 (PERIODIC) BY 1 (PERIODIC)
Info: PATCH GRID IS 1-AWAY BY 1-AWAY BY 1-AWAY
Info: Reading from binary file /home/a/post_qa/TIES_MD/TIES_MD/examples/ethane_namd/zero_sum/leg1/LAMBDA_1.00/rep0/equilibration/eq1.vel
Info: REMOVING COM VELOCITY 0.017024 -0.0490852 -0.0759869
Info: LARGEST PATCH (0) HAS 2670 ATOMS
Info: TORUS A SIZE 1 USING 0
Info: TORUS B SIZE 1 USING 0
Info: TORUS C SIZE 1 USING 0
Info: TORUS MINIMAL MESH SIZE IS 1 BY 1 BY 1
Info: Placed 100% of base nodes on same physical node as patch
Info: Startup phase 6 took 0.000404145 s, 0 MB of memory in use
Info: Use 3D box decompostion in PME FFT.
Info: PME using 1 x 1 x 1 pencil grid for FFT and reciprocal sum.
Info: Startup phase 7 took 6.5094e-05 s, 0 MB of memory in use
Info: Updated CUDA force table with 4096 elements.
Info: Updated CUDA LJ table with 4 x 4 elements.
Info: Startup phase 8 took 0.00335062 s, 0 MB of memory in use
Info: Startup phase 9 took 5.1068e-05 s, 0 MB of memory in use
Info: Startup phase 10 took 1.2403e-05 s, 0 MB of memory in use
Info: Startup phase 11 took 0.00533005 s, 0 MB of memory in use
LDB: Central LB being created...
Info: Startup phase 12 took 0.00250989 s, 0 MB of memory in use
Info: CREATING 30 COMPUTE OBJECTS
Info: Found 15 unique exclusion lists needing 28 bytes
Info: Startup phase 13 took 0.00493832 s, 0 MB of memory in use
Info: Startup phase 14 took 6.4706e-05 s, 0 MB of memory in use
Info: Startup phase 15 took 2.1294e-05 s, 0 MB of memory in use
Info: Finished startup at 0.461587 s, 0 MB of memory in use

TCL: Running for 40 steps
TI: RESETTING FOR NEW WINDOW LAMBDA SET TO 1
TI: WINDOW TO HAVE 0 STEPS OF EQUILIBRATION PRIOR TO TI DATA COLLECTION.
PRESSURE: 0 -3417.74 178.449 -19.9179 178.144 -2844.81 13.1037 -20.755 12.3548 -2719.72
GPRESSURE: 0 -3375.61 185.449 -6.08809 167.486 -2816.29 11.4217 -56.7516 22.1993 -2701.74
ETITLE:      TS           BOND          ANGLE          DIHED          IMPRP               ELECT            VDW       BOUNDARY           MISC        KINETIC               TOTAL           TEMP      POTENTIAL         TOTAL3        TEMPAVG            PRESSURE      GPRESSURE         VOLUME       PRESSAVG      GPRESSAVG
TITITLE:     TS          BOND1         ELECT1           VDW1          BOND2              ELECT2           VDW2

ENERGY:       0         0.0343         0.2654         0.0039         0.0000         -11952.4728      1836.5875         0.2466         0.0000       115.7300          -9999.6052        21.7997    -10115.3351     -9999.5605        21.7997          -2994.0888     -2964.5470     31748.7481     -2994.0888     -2964.5470
TI:           0         0.1698         1.0918        -1.1519         0.0977              1.0898        -0.9888

OPENING TI ENERGY OUTPUT FILE
OPENING EXTENDED SYSTEM TRAJECTORY FILE
TCL: Setting parameter constraintScaling to 0.5
TCL: Running for 40 steps
TI: RESETTING FOR NEW WINDOW LAMBDA SET TO 1
TI: WINDOW TO HAVE 0 STEPS OF EQUILIBRATION PRIOR TO TI DATA COLLECTION.
Info: Initial time: 1 CPUs 0.00273976 s/step 63.0712 ns/day 0 MB memory
TCL: Setting parameter constraintScaling to 0.25
TCL: Running for 40 steps
TI: RESETTING FOR NEW WINDOW LAMBDA SET TO 1
TI: WINDOW TO HAVE 0 STEPS OF EQUILIBRATION PRIOR TO TI DATA COLLECTION.
Info: Initial time: 1 CPUs 0.0028242 s/step 61.1855 ns/day 0 MB memory
TCL: Setting parameter constraintScaling to 0.125
TCL: Running for 40 steps
TI: RESETTING FOR NEW WINDOW LAMBDA SET TO 1
TI: WINDOW TO HAVE 0 STEPS OF EQUILIBRATION PRIOR TO TI DATA COLLECTION.
Info: Initial time: 1 CPUs 0.00281939 s/step 61.2898 ns/day 0 MB memory
TCL: Setting parameter constraintScaling to 0.0625
TCL: Running for 40 steps
TI: RESETTING FOR NEW WINDOW LAMBDA SET TO 1
TI: WINDOW TO HAVE 0 STEPS OF EQUILIBRATION PRIOR TO TI DATA COLLECTION.
Info: Benchmark time: 1 CPUs 0.00222251 s/step 77.75 ns/day 0 MB memory
TCL: Setting parameter constraintScaling to 0.03125
TCL: Running for 40 steps
TI: RESETTING FOR NEW WINDOW LAMBDA SET TO 1
TI: WINDOW TO HAVE 0 STEPS OF EQUILIBRATION PRIOR TO TI DATA COLLECTION.
TCL: Setting parameter constraintScaling to 0.015625
TCL: Running for 40 steps
TI: RESETTING FOR NEW WINDOW LAMBDA SET TO 1
TI: WINDOW TO HAVE 0 STEPS OF EQUILIBRATION PRIOR TO TI DATA COLLECTION.
Info: Benchmark time: 1 CPUs 0.00176377 s/step 97.9719 ns/day 0 MB memory
TCL: Setting parameter constraintScaling to 0.0078125
TCL: Running for 40 steps
TI: RESETTING FOR NEW WINDOW LAMBDA SET TO 1
TI: WINDOW TO HAVE 0 STEPS OF EQUILIBRATION PRIOR TO TI DATA COLLECTION.
Info: Benchmark time: 1 CPUs 0.00131408 s/step 131.498 ns/day 0 MB memory
TCL: Setting parameter constraintScaling to 0.00390625
TCL: Running for 40 steps
TI: RESETTING FOR NEW WINDOW LAMBDA SET TO 1
TI: WINDOW TO HAVE 0 STEPS OF EQUILIBRATION PRIOR TO TI DATA COLLECTION.
Info: Benchmark time: 1 CPUs 0.00115786 s/step 149.24 ns/day 0 MB memory
TCL: Setting parameter constraintScaling to 0.001953125
TCL: Running for 40 steps
TI: RESETTING FOR NEW WINDOW LAMBDA SET TO 1
TI: WINDOW TO HAVE 0 STEPS OF EQUILIBRATION PRIOR TO TI DATA COLLECTION.
Info: Benchmark time: 1 CPUs 0.00112413 s/step 153.719 ns/day 0 MB memory
TCL: Setting parameter constraintScaling to 0
TCL: Running for 600 steps
TI: RESETTING FOR NEW WINDOW LAMBDA SET TO 1
TI: WINDOW TO HAVE 0 STEPS OF EQUILIBRATION PRIOR TO TI DATA COLLECTION.
Info: Benchmark time: 1 CPUs 0.00104778 s/step 164.92 ns/day 0 MB memory
WRITING EXTENDED SYSTEM TO RESTART FILE AT STEP 500
WRITING COORDINATES TO RESTART FILE AT STEP 500
FINISHED WRITING RESTART COORDINATES
The last position output (seq=500) takes 0.000 seconds, 0.000 MB of memory in use
WRITING VELOCITIES TO RESTART FILE AT STEP 500
FINISHED WRITING RESTART VELOCITIES
The last velocity output (seq=500) takes 0.000 seconds, 0.000 MB of memory in use
PRESSURE: 1000 152.196 426.227 342.829 415.706 476.447 -760.143 341.635 -755.837 -413.701
GPRESSURE: 1000 299.693 456.861 196.02 538.453 389.097 -812.403 412.619 -664.997 -344.014
PRESSAVG: 1000 -169.09 146.556 99.6735 146.209 39.4427 -28.8216 98.7746 -29.6066 45.8
GPRESSAVG: 1000 -153.613 146.249 102.313 144.603 55.676 -29.3429 98.9893 -29.5056 56.5948
ENERGY:    1000         0.0328         1.7624         0.1178         0.0000         -10682.0669      1627.8663         1.9173         0.0000      1204.5919          -7845.7784       226.9056     -9050.3703     -7842.1241       124.1367             71.6474       114.9251     28071.3694       -27.9491       -13.7807
TI:        1000         0.8617         1.0362        -2.0065         0.5537              1.0822        -1.5742

WRITING EXTENDED SYSTEM TO RESTART FILE AT STEP 1000
WRITING COORDINATES TO RESTART FILE AT STEP 1000
FINISHED WRITING RESTART COORDINATES
The last position output (seq=1000) takes 0.000 seconds, 0.000 MB of memory in use
WRITING VELOCITIES TO RESTART FILE AT STEP 1000
FINISHED WRITING RESTART VELOCITIES
The last velocity output (seq=1000) takes 0.000 seconds, 0.000 MB of memory in use
====================================================

WallClock: 2.465583  CPUTime: 2.432117  Memory: 0.000000 MB
[Partition 0][Node 0] End of program
