TCL: Suspending until startup complete.
Warning: The following variables were set in the
Warning: configuration file but will be ignored:
Warning:    paraTypeCharmm (parameters)
Info: EXTENDED SYSTEM FILE   /home/a/post_qa/TIES_MD/TIES_MD/examples/ethane_namd/zero_sum/leg1/LAMBDA_0.00/rep0/equilibration/eq0.xsc
Info: SIMULATION PARAMETERS:
Info: TIMESTEP               2
Info: NUMBER OF STEPS        0
Info: STEPS PER CYCLE        10
Info: PERIODIC CELL BASIS 1  34.55 0 0
Info: PERIODIC CELL BASIS 2  -11.5167 32.5742 0
Info: PERIODIC CELL BASIS 3  -11.5167 -16.2871 28.2101
Info: PERIODIC CELL CENTER   0 0 0
Info: WRAPPING WATERS AROUND PERIODIC BOUNDARIES ON OUTPUT.
Info: WRAPPING ALL CLUSTERS AROUND PERIODIC BOUNDARIES ON OUTPUT.
Info: LOAD BALANCER  Centralized
Info: LOAD BALANCING STRATEGY  New Load Balancers -- DEFAULT
Info: LDB PERIOD             2000 steps
Info: FIRST LDB TIMESTEP     50
Info: LAST LDB TIMESTEP     -1
Info: LDB BACKGROUND SCALING 1
Info: HOM BACKGROUND SCALING 1
Info: PME BACKGROUND SCALING 1
Info: MIN ATOMS PER PATCH    40
Info: VELOCITY FILE          /home/a/post_qa/TIES_MD/TIES_MD/examples/ethane_namd/zero_sum/leg1/LAMBDA_0.00/rep0/equilibration/eq0.vel
Info: CENTER OF MASS MOVING INITIALLY? NO
Info: DIELECTRIC             1
Info: EXCLUDE                SCALED ONE-FOUR
Info: 1-4 ELECTROSTATICS SCALED BY 0.833333
Info: MODIFIED 1-4 VDW PARAMETERS WILL BE USED
Info: DCD FILENAME           /home/a/post_qa/TIES_MD/TIES_MD/examples/ethane_namd/zero_sum/leg1/LAMBDA_0.00/rep0/equilibration/eq1.dcd
Info: DCD FREQUENCY          5000
Info: DCD FIRST STEP         5000
Info: DCD FILE WILL CONTAIN UNIT CELL DATA
Info: XST FILENAME           /home/a/post_qa/TIES_MD/TIES_MD/examples/ethane_namd/zero_sum/leg1/LAMBDA_0.00/rep0/equilibration/eq1.xst
Info: XST FREQUENCY          5000
Info: NO VELOCITY DCD OUTPUT
Info: NO FORCE DCD OUTPUT
Info: OUTPUT FILENAME        /home/a/post_qa/TIES_MD/TIES_MD/examples/ethane_namd/zero_sum/leg1/LAMBDA_0.00/rep0/equilibration/eq1
Info: BINARY OUTPUT FILES WILL BE USED
Info: RESTART FILENAME       /home/a/post_qa/TIES_MD/TIES_MD/examples/ethane_namd/zero_sum/leg1/LAMBDA_0.00/rep0/equilibration/eq1
Info: RESTART FREQUENCY      5
Info: BINARY RESTART FILES WILL BE USED
Info: SWITCHING ACTIVE
Info: SWITCHING ON           10
Info: SWITCHING OFF          12
Info: PAIRLIST DISTANCE      13.5
Info: PAIRLIST SHRINK RATE   0.01
Info: PAIRLIST GROW RATE     0.01
Info: PAIRLIST TRIGGER       0.3
Info: PAIRLISTS PER CYCLE    2
Info: PAIRLISTS ENABLED
Info: MARGIN                 0
Info: HYDROGEN GROUP CUTOFF  2.5
Info: PATCH DIMENSION        16
Info: ENERGY OUTPUT STEPS    1000
Info: CROSSTERM ENERGY INCLUDED IN DIHEDRAL
Info: TIMING OUTPUT STEPS    10000
Info: PRESSURE OUTPUT STEPS  1000
Info: THERMODYNAMIC INTEGRATION (TI) ON
Info: TI LAMBDA VALUE     0
Info: TI INTRA-ALCHEMICAL NON-BONDED INTERACTIONS WILL BE RETAINED
Info: TI INTRA-ALCHEMICAL BONDED INTERACTIONS WILL BE RETAINED
Info: TI VDW SHIFTING COEFFICIENT 5
Info: TI ELEC. ACTIVE FOR ANNIHILATED PARTICLES BETWEEN LAMBDA = 0 AND LAMBDA = 0.55
Info: TI ELEC. ACTIVE FOR EXNIHILATED PARTICLES BETWEEN LAMBDA = 0.45 AND LAMBDA = 1
Info: TI VDW ACTIVE FOR ANNIHILATED PARTICLES BETWEEN LAMBDA = 0 AND LAMBDA = 1
Info: TI VDW ACTIVE FOR EXNIHILATED PARTICLES BETWEEN LAMBDA = 0 AND LAMBDA = 1
Info: TI BOND ACTIVE FOR ANNIHILATED PARTICLES BETWEEN LAMBDA = 1 AND LAMBDA = 1
Info: TI BOND ACTIVE FOR EXNIHILATED PARTICLES BETWEEN LAMBDA = 0 AND LAMBDA = 0
Info: LANGEVIN DYNAMICS ACTIVE
Info: LANGEVIN TEMPERATURE   300
Info: LANGEVIN USING BBK INTEGRATOR
Info: LANGEVIN DAMPING COEFFICIENT IS 5 INVERSE PS
Info: LANGEVIN DYNAMICS NOT APPLIED TO HYDROGENS
Info: PARTICLE MESH EWALD (PME) ACTIVE
Info: PME TOLERANCE               1e-06
Info: PME EWALD COEFFICIENT       0.257952
Info: PME INTERPOLATION ORDER     4
Info: PME GRID DIMENSIONS         36 36 36
Info: PME MAXIMUM GRID SPACING    1
Info: Attempting to read FFTW data from FFTW_NAMD_2.14_Linux-x86_64-multicore.txt
Info: Optimizing 6 FFT steps.  1... 2... 3... 4... 5... 6...   Done.
Info: Writing FFTW data to FFTW_NAMD_2.14_Linux-x86_64-multicore.txt
Info: FULL ELECTROSTATIC EVALUATION FREQUENCY      2
Info: USING VERLET I (r-RESPA) MTS SCHEME.
Info: C1 SPLITTING OF LONG RANGE ELECTROSTATICS
Info: PLACING ATOMS IN PATCHES BY HYDROGEN GROUPS
Info: RIGID BONDS TO HYDROGEN : ALL
Info:         ERROR TOLERANCE : 1e-05
Info:          MAX ITERATIONS : 100
Info: RIGID WATER USING SETTLE ALGORITHM
Info: RANDOM NUMBER SEED     1660223034
Info: USE HYDROGEN BONDS?    NO
Info: Using AMBER format force field!
Info: AMBER PARM FILE        /home/a/post_qa/TIES_MD/TIES_MD/examples/ethane_namd/zero_sum/leg1/build/sys_solv.prmtop
Info: COORDINATE PDB         /home/a/post_qa/TIES_MD/TIES_MD/examples/ethane_namd/zero_sum/leg1/build/sys_solv.pdb
Info: Exclusions in PARM file will be ignored!
Info: SCNB (VDW SCALING)     2
Info: USING ARITHMETIC MEAN TO COMBINE L-J SIGMA PARAMETERS
Info: BINARY COORDINATES     /home/a/post_qa/TIES_MD/TIES_MD/examples/ethane_namd/zero_sum/leg1/LAMBDA_0.00/rep0/equilibration/eq0.coor
Reading parm file (/home/a/post_qa/TIES_MD/TIES_MD/examples/ethane_namd/zero_sum/leg1/build/sys_solv.prmtop) ...
PARM file in AMBER 7 format
Warning: Skipping ATOMIC_NUMBER in parm file while seeking MASS.
Warning: Skipping SCEE_SCALE_FACTOR in parm file while seeking SOLTY.
Warning: Skipping SCNB_SCALE_FACTOR in parm file while seeking SOLTY.
Warning: Encounter 10-12 H-bond term
Warning: Found 886 H-H bonds.
Info: SUMMARY OF PARAMETERS:
Info: 4 BONDS
Info: 3 ANGLES
Info:   3 HARMONIC
Info:   0 COSINE-BASED
Info: 2 DIHEDRAL
Info: 0 IMPROPER
Info: 0 CROSSTERM
Info: 0 VDW
Info: 10 VDW_PAIRS
Info: 0 NBTHOLE_PAIRS
Info: Reading pdb file /home/a/post_qa/TIES_MD/TIES_MD/examples/ethane_namd/zero_sum/leg1/build/sys_solv.pdb
Info: TIME FOR READING PDB FILE: 0.00251237
Info: 
Info: To read alchdata from file: /home/a/post_qa/TIES_MD/TIES_MD/examples/ethane_namd/zero_sum/leg1/build/sys_solv.pdb
Info: To read alchflag data from column: 5
Info: ****************************
Info: STRUCTURE SUMMARY:
Info: 2670 ATOMS
Info: 2669 BONDS
Info: 21 ANGLES
Info: 18 DIHEDRALS
Info: 0 IMPROPERS
Info: 0 CROSSTERMS
Info: 0 EXCLUSIONS
Info: 2667 RIGID BONDS
Info: ALCH: 4 ATOMS TO DISAPPEAR IN FINAL STATE
Info: ALCH: 4 ATOMS TO APPEAR IN FINAL STATE
Info: ALCH: 1 ANGLES LINKING INITIAL AND FINAL ATOMS DELETED
Info: ALCH: 6 DIHEDRALS LINKING INITIAL AND FINAL ATOMS DELETED
Info: 5343 DEGREES OF FREEDOM
Info: 889 HYDROGEN GROUPS
Info: 4 ATOMS IN LARGEST HYDROGEN GROUP
Info: 889 MIGRATION GROUPS
Info: 4 ATOMS IN LARGEST MIGRATION GROUP
Info: TOTAL MASS = 16007.3 amu
Info: TOTAL CHARGE = 0.00300001 e
Info: MASS DENSITY = 0.83724 g/cm^3
Info: ATOM DENSITY = 0.0840978 atoms/A^3
Info: *****************************
Info: Reading from binary file /home/a/post_qa/TIES_MD/TIES_MD/examples/ethane_namd/zero_sum/leg1/LAMBDA_0.00/rep0/equilibration/eq0.coor
Info: 
Info: Entering startup at 0.0142761 s, 45.8516 MB of memory in use
Info: Startup phase 0 took 4.1758e-05 s, 45.8516 MB of memory in use
Info: ADDED 2708 IMPLICIT EXCLUSIONS
Info: Startup phase 1 took 0.000435239 s, 46.1328 MB of memory in use
Info: NONBONDED TABLE R-SQUARED SPACING: 0.0625
Info: NONBONDED TABLE SIZE: 769 POINTS
Info: ABSOLUTE IMPRECISION IN FAST TABLE FORCE: 2.64698e-23 AT 11.9138
Info: RELATIVE IMPRECISION IN FAST TABLE FORCE: 1.40436e-16 AT 11.9138
Info: INCONSISTENCY IN FAST TABLE ENERGY VS FORCE: 0.000325096 AT 11.9556
Info: ABSOLUTE IMPRECISION IN SCOR TABLE FORCE: 4.10282e-22 AT 11.9138
Info: RELATIVE IMPRECISION IN SCOR TABLE FORCE: 3.56912e-15 AT 11.9138
Info: INCONSISTENCY IN SCOR TABLE ENERGY VS FORCE: 0.000324844 AT 11.9556
Info: ABSOLUTE IMPRECISION IN VDWA TABLE ENERGY: 9.86076e-32 AT 11.8295
Info: RELATIVE IMPRECISION IN VDWA TABLE ENERGY: 6.75473e-14 AT 11.9138
Info: ABSOLUTE IMPRECISION IN VDWA TABLE FORCE: 4.62223e-32 AT 11.9138
Info: RELATIVE IMPRECISION IN VDWA TABLE FORCE: 2.12237e-15 AT 11.9138
Info: INCONSISTENCY IN VDWA TABLE ENERGY VS FORCE: 0.0040507 AT 0.251946
Info: ABSOLUTE IMPRECISION IN VDWB TABLE ENERGY: 4.1359e-25 AT 11.8295
Info: RELATIVE IMPRECISION IN VDWB TABLE ENERGY: 7.56853e-15 AT 11.9138
Info: ABSOLUTE IMPRECISION IN VDWB TABLE FORCE: 3.87741e-26 AT 11.9138
Info: RELATIVE IMPRECISION IN VDWB TABLE FORCE: 5.97409e-16 AT 11.9138
Info: INCONSISTENCY IN VDWB TABLE ENERGY VS FORCE: 0.00150189 AT 0.251946
Info: Startup phase 2 took 0.00040049 s, 46.4883 MB of memory in use
Info: Startup phase 3 took 2.9337e-05 s, 46.4883 MB of memory in use
Info: Startup phase 4 took 4.448e-05 s, 46.4883 MB of memory in use
Info: Startup phase 5 took 2.144e-05 s, 46.4883 MB of memory in use
Info: PATCH GRID IS 1 (PERIODIC) BY 1 (PERIODIC) BY 1 (PERIODIC)
Info: PATCH GRID IS 1-AWAY BY 1-AWAY BY 1-AWAY
Info: Reading from binary file /home/a/post_qa/TIES_MD/TIES_MD/examples/ethane_namd/zero_sum/leg1/LAMBDA_0.00/rep0/equilibration/eq0.vel
Info: REMOVING COM VELOCITY 0 0 0
Info: LARGEST PATCH (0) HAS 2670 ATOMS
Info: TORUS A SIZE 1 USING 0
Info: TORUS B SIZE 1 USING 0
Info: TORUS C SIZE 1 USING 0
Info: TORUS MINIMAL MESH SIZE IS 1 BY 1 BY 1
Info: Placed 100% of base nodes on same physical node as patch
Info: Startup phase 6 took 0.000593893 s, 47.5078 MB of memory in use
Info: PME using 1 and 1 processors for FFT and reciprocal sum.
Info: PME GRID LOCATIONS: 0
Info: PME TRANS LOCATIONS: 0
Info: PME USING 1 GRID NODES AND 1 TRANS NODES
Info: Optimizing 4 FFT steps.  1... 2... 3... 4...   Done.
Info: Startup phase 7 took 0.000392448 s, 48.4492 MB of memory in use
Info: Startup phase 8 took 2.0432e-05 s, 48.4492 MB of memory in use
Info: Startup phase 9 took 1.3111e-05 s, 48.4492 MB of memory in use
Info: Startup phase 10 took 1.1908e-05 s, 48.4492 MB of memory in use
Info: Startup phase 11 took 1.3683e-05 s, 48.4492 MB of memory in use
LDB: Central LB being created...
Info: Startup phase 12 took 2.4844e-05 s, 48.4492 MB of memory in use
Info: CREATING 25 COMPUTE OBJECTS
Info: Startup phase 13 took 0.000105231 s, 48.4492 MB of memory in use
Info: Startup phase 14 took 1.849e-05 s, 48.4492 MB of memory in use
Info: Startup phase 15 took 1.2086e-05 s, 48.4492 MB of memory in use
Info: Finished startup at 0.0164549 s, 48.4492 MB of memory in use

TCL: Running for 10 steps
TI: RESETTING FOR NEW WINDOW LAMBDA SET TO 0
TI: WINDOW TO HAVE 0 STEPS OF EQUILIBRATION PRIOR TO TI DATA COLLECTION.
PRESSURE: 0 -3491.47 477.677 -98.5312 477.677 -3426.07 104.858 -98.5312 104.858 -3190.42
GPRESSURE: 0 -3460.46 481.86 -108.756 469.205 -3410.83 105.022 -116.221 103.178 -3160.92
ETITLE:      TS           BOND          ANGLE          DIHED          IMPRP               ELECT            VDW       BOUNDARY           MISC        KINETIC               TOTAL           TEMP      POTENTIAL         TOTAL3        TEMPAVG            PRESSURE      GPRESSURE         VOLUME       PRESSAVG      GPRESSAVG
TITITLE:     TS          BOND1         ELECT1           VDW1          BOND2              ELECT2           VDW2

ENERGY:       0         0.1148         0.2931         0.0022         0.0000         -12075.3455      1839.3012         0.0000         0.0000         0.0000         -10235.6341         0.0000    -10235.6341    -10235.6195         0.0000          -3369.3191     -3344.0697     31748.7481     -3369.3191     -3344.0697
TI:           0         0.1628         0.9257        -1.1994         0.1751              0.9243        -1.2142

OPENING TI ENERGY OUTPUT FILE
OPENING EXTENDED SYSTEM TRAJECTORY FILE
WRITING EXTENDED SYSTEM TO RESTART FILE AT STEP 5
WRITING COORDINATES TO RESTART FILE AT STEP 5
FINISHED WRITING RESTART COORDINATES
The last position output (seq=5) takes 0.000 seconds, 56.109 MB of memory in use
WRITING VELOCITIES TO RESTART FILE AT STEP 5
FINISHED WRITING RESTART VELOCITIES
The last velocity output (seq=5) takes 0.000 seconds, 56.109 MB of memory in use
LDB: ============= START OF LOAD BALANCING ============== 0.176525
LDB: ============== END OF LOAD BALANCING =============== 0.176583
LDB: =============== DONE WITH MIGRATION ================ 0.1766
WRITING EXTENDED SYSTEM TO RESTART FILE AT STEP 10
WRITING COORDINATES TO RESTART FILE AT STEP 10
FINISHED WRITING RESTART COORDINATES
The last position output (seq=10) takes 0.000 seconds, 56.109 MB of memory in use
WRITING VELOCITIES TO RESTART FILE AT STEP 10
FINISHED WRITING RESTART VELOCITIES
The last velocity output (seq=10) takes 0.000 seconds, 56.109 MB of memory in use
====================================================

WallClock: 0.202439  CPUTime: 0.201201  Memory: 56.109375 MB
[Partition 0][Node 0] End of program
TCL: Suspending until startup complete.
Warning: The following variables were set in the
Warning: configuration file but will be ignored:
Warning:    paraTypeCharmm (parameters)
Info: EXTENDED SYSTEM FILE   /home/a/post_qa/TIES_MD/TIES_MD/examples/ethane_namd/zero_sum/leg1/LAMBDA_0.00/rep0/equilibration/eq0.xsc
Info: Tuning parameters to improve CUDASOAintegrate performance
Info:   Setting margin to 4
Warning: The Langevin gamma parameters differ over the particles,
Warning: requiring extra work per step to constrain rigid bonds.
Warning: Disabling lonepair support due to incompatability with SOA.
Info: Using SOA integration routine
Info: Using CUDA SOA integration routine
Warning: Always using force tables for CUDA nonbonded kernel due to unsupported config parameters.
Info: SIMULATION PARAMETERS:
Info: TIMESTEP               2
Info: NUMBER OF STEPS        0
Info: STEPS PER CYCLE        10
Info: PERIODIC CELL BASIS 1  34.55 0 0
Info: PERIODIC CELL BASIS 2  -11.5167 32.5742 0
Info: PERIODIC CELL BASIS 3  -11.5167 -16.2871 28.2101
Info: PERIODIC CELL CENTER   0 0 0
Info: WRAPPING WATERS AROUND PERIODIC BOUNDARIES ON OUTPUT.
Info: WRAPPING ALL CLUSTERS AROUND PERIODIC BOUNDARIES ON OUTPUT.
Info: LOAD BALANCER  Centralized
Info: LOAD BALANCING STRATEGY  New Load Balancers -- DEFAULT
Info: LDB PERIOD             2000 steps
Info: FIRST LDB TIMESTEP     50
Info: LAST LDB TIMESTEP     -1
Info: LDB BACKGROUND SCALING 1
Info: HOM BACKGROUND SCALING 1
Info: PME BACKGROUND SCALING 1
Info: MIN ATOMS PER PATCH    40
Info: EMPTY PATCH LOAD       40 ATOMS
Info: VELOCITY FILE          /home/a/post_qa/TIES_MD/TIES_MD/examples/ethane_namd/zero_sum/leg1/LAMBDA_0.00/rep0/equilibration/eq0.vel
Info: CENTER OF MASS MOVING INITIALLY? NO
Info: DIELECTRIC             1
Info: EXCLUDE                SCALED ONE-FOUR
Info: 1-4 ELECTROSTATICS SCALED BY 0.833333
Info: MODIFIED 1-4 VDW PARAMETERS WILL BE USED
Info: DCD FILENAME           /home/a/post_qa/TIES_MD/TIES_MD/examples/ethane_namd/zero_sum/leg1/LAMBDA_0.00/rep0/equilibration/eq1.dcd
Info: DCD FREQUENCY          5000
Info: DCD FIRST STEP         5000
Info: DCD FILE WILL CONTAIN UNIT CELL DATA
Info: XST FILENAME           /home/a/post_qa/TIES_MD/TIES_MD/examples/ethane_namd/zero_sum/leg1/LAMBDA_0.00/rep0/equilibration/eq1.xst
Info: XST FREQUENCY          5000
Info: NO VELOCITY DCD OUTPUT
Info: NO FORCE DCD OUTPUT
Info: OUTPUT FILENAME        /home/a/post_qa/TIES_MD/TIES_MD/examples/ethane_namd/zero_sum/leg1/LAMBDA_0.00/rep0/equilibration/eq1
Info: BINARY OUTPUT FILES WILL BE USED
Info: RESTART FILENAME       /home/a/post_qa/TIES_MD/TIES_MD/examples/ethane_namd/zero_sum/leg1/LAMBDA_0.00/rep0/equilibration/eq1
Info: RESTART FREQUENCY      5
Info: BINARY RESTART FILES WILL BE USED
Info: SWITCHING ACTIVE
Info: SWITCHING ON           10
Info: SWITCHING OFF          12
Info: PAIRLIST DISTANCE      13.5
Info: PAIRLIST SHRINK RATE   0.01
Info: PAIRLIST GROW RATE     0.01
Info: PAIRLIST TRIGGER       0.3
Info: PAIRLISTS PER CYCLE    2
Info: PAIRLISTS ENABLED
Info: MARGIN                 4
Info: HYDROGEN GROUP CUTOFF  2.5
Info: PATCH DIMENSION        20
Info: ENERGY OUTPUT STEPS    1000
Info: ENERGY EVALUATION STEPS    1000
Info: CROSSTERM ENERGY INCLUDED IN DIHEDRAL
Info: TIMING OUTPUT STEPS    10000
Info: PRESSURE OUTPUT STEPS  1000
Info: THERMODYNAMIC INTEGRATION (TI) ON
Info: TI LAMBDA VALUE     0
Info: TI INTRA-ALCHEMICAL NON-BONDED INTERACTIONS WILL BE RETAINED
Info: TI INTRA-ALCHEMICAL BONDED INTERACTIONS WILL BE RETAINED
Info: TI VDW SHIFTING COEFFICIENT 5
Info: TI ELEC. ACTIVE FOR ANNIHILATED PARTICLES BETWEEN LAMBDA = 0 AND LAMBDA = 0.55
Info: TI ELEC. ACTIVE FOR EXNIHILATED PARTICLES BETWEEN LAMBDA = 0.45 AND LAMBDA = 1
Info: TI VDW ACTIVE FOR ANNIHILATED PARTICLES BETWEEN LAMBDA = 0 AND LAMBDA = 1
Info: TI VDW ACTIVE FOR EXNIHILATED PARTICLES BETWEEN LAMBDA = 0 AND LAMBDA = 1
Info: TI BOND ACTIVE FOR ANNIHILATED PARTICLES BETWEEN LAMBDA = 1 AND LAMBDA = 1
Info: TI BOND ACTIVE FOR EXNIHILATED PARTICLES BETWEEN LAMBDA = 0 AND LAMBDA = 0
Info: LANGEVIN DYNAMICS ACTIVE
Info: LANGEVIN TEMPERATURE   300
Info: LANGEVIN USING BBK INTEGRATOR
Info: LANGEVIN DAMPING COEFFICIENT IS 5 INVERSE PS
Info: LANGEVIN DYNAMICS NOT APPLIED TO HYDROGENS
Info: PARTICLE MESH EWALD (PME) ACTIVE
Info: PME TOLERANCE               1e-06
Info: PME EWALD COEFFICIENT       0.257952
Info: PME INTERPOLATION ORDER     4
Info: PME GRID DIMENSIONS         36 36 36
Info: PME MAXIMUM GRID SPACING    1
Info: Attempting to read FFTW data from FFTW_NAMD_3.0alpha13_Linux-x86_64-multicore-CUDA.txt
Info: Optimizing 6 FFT steps.  1... 2... 3... 4... 5... 6...   Done.
Info: Writing FFTW data to FFTW_NAMD_3.0alpha13_Linux-x86_64-multicore-CUDA.txt
Info: FULL ELECTROSTATIC EVALUATION FREQUENCY      2
Info: USING VERLET I (r-RESPA) MTS SCHEME.
Info: C1 SPLITTING OF LONG RANGE ELECTROSTATICS
Info: PLACING ATOMS IN PATCHES BY HYDROGEN GROUPS
Info: RIGID BONDS TO HYDROGEN : ALL
Info:         ERROR TOLERANCE : 1e-05
Info:          MAX ITERATIONS : 100
Info: RIGID WATER USING SETTLE ALGORITHM
Info: RANDOM NUMBER SEED     1660224116
Info: USE HYDROGEN BONDS?    NO
Info: Using AMBER format force field!
Info: AMBER PARM FILE        /home/a/post_qa/TIES_MD/TIES_MD/examples/ethane_namd/zero_sum/leg1/build/sys_solv.prmtop
Info: COORDINATE PDB         /home/a/post_qa/TIES_MD/TIES_MD/examples/ethane_namd/zero_sum/leg1/build/sys_solv.pdb
Info: Exclusions in PARM file will be ignored!
Info: SCNB (VDW SCALING)     2
Info: USING ARITHMETIC MEAN TO COMBINE L-J SIGMA PARAMETERS
Info: BINARY COORDINATES     /home/a/post_qa/TIES_MD/TIES_MD/examples/ethane_namd/zero_sum/leg1/LAMBDA_0.00/rep0/equilibration/eq0.coor
Info: === Start reading AMBER parm7 format file /home/a/post_qa/TIES_MD/TIES_MD/examples/ethane_namd/zero_sum/leg1/build/sys_solv.prmtop ===
Info: Complete reading ATOM_NAME with 2670 fields.
Info: Complete reading CHARGE with 2670 fields.
Info: Complete reading ATOMIC_NUMBER with 2670 fields.
Info: Complete reading MASS with 2670 fields.
Info: Complete reading ATOM_TYPE_INDEX with 2670 fields.
Info: Complete reading NUMBER_EXCLUDED_ATOMS with 2670 fields.
Info: Complete reading NONBONDED_PARM_INDEX with 16 fields.
Info: Complete reading RESIDUE_LABEL with 887 fields.
Info: Complete reading RESIDUE_POINTER with 887 fields.
Info: Complete reading BOND_FORCE_CONSTANT with 4 fields.
Info: Complete reading BOND_EQUIL_VALUE with 4 fields.
Info: Complete reading ANGLE_FORCE_CONSTANT with 3 fields.
Info: Complete reading ANGLE_EQUIL_VALUE with 3 fields.
Info: Complete reading DIHEDRAL_FORCE_CONSTANT with 2 fields.
Info: Complete reading DIHEDRAL_PERIODICITY with 2 fields.
Info: Complete reading DIHEDRAL_PHASE with 2 fields.
Info: Complete reading SCEE_SCALE_FACTOR with 2 fields.
Info: Complete reading SCNB_SCALE_FACTOR with 2 fields.
Info: Complete reading LENNARD_JONES_ACOEF with 10 fields.
Info: Complete reading LENNARD_JONES_BCOEF with 10 fields.
Info: Complete reading BONDS_INC_HYDROGEN with 8001 fields.
Info: Complete reading BONDS_WITHOUT_HYDROGEN with 6 fields.
Info: Complete reading ANGLES_INC_HYDROGEN with 84 fields.
Info: Complete reading ANGLES_WITHOUT_HYDROGEN with 4 fields.
Info: Complete reading DIHEDRALS_INC_HYDROGEN with 120 fields.
Info: Complete reading DIHEDRALS_WITHOUT_HYDROGEN with 0 fields.
Info: Complete reading EXCLUDED_ATOMS_LIST with 3602 fields.
Info: Complete reading HBOND_ACOEF with 1 fields.
Info: Complete reading HBOND_BCOEF with 1 fields.
Info: Complete reading AMBER_ATOM_TYPE with 2670 fields.
Info: Complete reading TREE_CHAIN_CLASSIFICATION with 2670 fields.
Info: Complete reading ATOMS_PER_MOLECULE with 887 fields.
Info: Complete reading BOX_DIMENSIONS with 4 fields.
Info: Complete reading RADIUS_SET with 1 fields.
Info: Complete reading RADII with 2670 fields.
Info: Complete reading SCREEN with 2670 fields.
Info: === Finish reading AMBER parm7 format file. ===
Warning: Encounter 10-12 H-bond term
Warning: Found 886 H-H bonds.
Info: SUMMARY OF PARAMETERS:
Info: 4 BONDS
Info: 3 ANGLES
Info:   3 HARMONIC
Info:   0 COSINE-BASED
Info: 2 DIHEDRAL
Info: 0 IMPROPER
Info: 0 CROSSTERM
Info: 0 VDW
Info: 10 VDW_PAIRS
Info: 0 NBTHOLE_PAIRS
Info: Reading pdb file /home/a/post_qa/TIES_MD/TIES_MD/examples/ethane_namd/zero_sum/leg1/build/sys_solv.pdb
Info: TIME FOR READING PDB FILE: 0.00246745
Info: 
Info: To read alchdata from file: /home/a/post_qa/TIES_MD/TIES_MD/examples/ethane_namd/zero_sum/leg1/build/sys_solv.pdb
Info: To read alchflag data from column: 5
Info: ****************************
Info: STRUCTURE SUMMARY:
Info: 2670 ATOMS
Info: 2669 BONDS
Info: 21 ANGLES
Info: 18 DIHEDRALS
Info: 0 IMPROPERS
Info: 0 CROSSTERMS
Info: 0 EXCLUSIONS
Info: 2667 RIGID BONDS
Info: ALCH: 4 ATOMS TO DISAPPEAR IN FINAL STATE
Info: ALCH: 4 ATOMS TO APPEAR IN FINAL STATE
Info: ALCH: 1 ANGLES LINKING INITIAL AND FINAL ATOMS DELETED
Info: ALCH: 6 DIHEDRALS LINKING INITIAL AND FINAL ATOMS DELETED
Info: 5343 DEGREES OF FREEDOM
Info: 889 HYDROGEN GROUPS
Info: 4 ATOMS IN LARGEST HYDROGEN GROUP
Info: 889 MIGRATION GROUPS
Info: 4 ATOMS IN LARGEST MIGRATION GROUP
Info: TOTAL MASS = 16007.3 amu
Info: TOTAL CHARGE = 0.00300001 e
Info: MASS DENSITY = 0.83724 g/cm^3
Info: ATOM DENSITY = 0.0840978 atoms/A^3
Info: *****************************
Info: Reading from binary file /home/a/post_qa/TIES_MD/TIES_MD/examples/ethane_namd/zero_sum/leg1/LAMBDA_0.00/rep0/equilibration/eq0.coor
Info: 
Info: Entering startup at 0.401061 s, 0 MB of memory in use
Info: Startup phase 0 took 4.3186e-05 s, 0 MB of memory in use
Info: ADDED 2708 IMPLICIT EXCLUSIONS
Info: Startup phase 1 took 0.000593115 s, 0 MB of memory in use
Info: NONBONDED TABLE R-SQUARED SPACING: 0.0625
Info: NONBONDED TABLE SIZE: 769 POINTS
Info: INCONSISTENCY IN FAST TABLE ENERGY VS FORCE: 0.000325096 AT 11.9556
Info: INCONSISTENCY IN SCOR TABLE ENERGY VS FORCE: 0.000324844 AT 11.9556
Info: INCONSISTENCY IN VDWA TABLE ENERGY VS FORCE: 0.0040507 AT 0.251946
Info: INCONSISTENCY IN VDWB TABLE ENERGY VS FORCE: 0.00150189 AT 0.251946
Info: Startup phase 2 took 0.000166271 s, 0 MB of memory in use
Info: Startup phase 3 took 1.5153e-05 s, 0 MB of memory in use
Info: Startup phase 4 took 1.3416e-05 s, 0 MB of memory in use
Info: Startup phase 5 took 1.0194e-05 s, 0 MB of memory in use
Info: PATCH GRID IS 1 (PERIODIC) BY 1 (PERIODIC) BY 1 (PERIODIC)
Info: PATCH GRID IS 1-AWAY BY 1-AWAY BY 1-AWAY
Info: Reading from binary file /home/a/post_qa/TIES_MD/TIES_MD/examples/ethane_namd/zero_sum/leg1/LAMBDA_0.00/rep0/equilibration/eq0.vel
Info: REMOVING COM VELOCITY 0 0 0
Info: LARGEST PATCH (0) HAS 2670 ATOMS
Info: TORUS A SIZE 1 USING 0
Info: TORUS B SIZE 1 USING 0
Info: TORUS C SIZE 1 USING 0
Info: TORUS MINIMAL MESH SIZE IS 1 BY 1 BY 1
Info: Placed 100% of base nodes on same physical node as patch
Info: Startup phase 6 took 0.00040817 s, 0 MB of memory in use
Info: Use 3D box decompostion in PME FFT.
Info: PME using 1 x 1 x 1 pencil grid for FFT and reciprocal sum.
Info: Startup phase 7 took 6.0116e-05 s, 0 MB of memory in use
Info: Updated CUDA force table with 4096 elements.
Info: Updated CUDA LJ table with 4 x 4 elements.
Info: Startup phase 8 took 0.00136954 s, 0 MB of memory in use
Info: Startup phase 9 took 3.5386e-05 s, 0 MB of memory in use
Info: Startup phase 10 took 1.1263e-05 s, 0 MB of memory in use
Info: Startup phase 11 took 0.000594097 s, 0 MB of memory in use
LDB: Central LB being created...
Info: Startup phase 12 took 0.00170068 s, 0 MB of memory in use
Info: CREATING 29 COMPUTE OBJECTS
Info: Found 15 unique exclusion lists needing 28 bytes
Info: Startup phase 13 took 0.000839404 s, 0 MB of memory in use
Info: Startup phase 14 took 2.6652e-05 s, 0 MB of memory in use
Info: Startup phase 15 took 1.6159e-05 s, 0 MB of memory in use
Info: Finished startup at 0.406964 s, 0 MB of memory in use

TCL: Running for 10 steps
TI: RESETTING FOR NEW WINDOW LAMBDA SET TO 0
TI: WINDOW TO HAVE 0 STEPS OF EQUILIBRATION PRIOR TO TI DATA COLLECTION.
PRESSURE: 0 -4326.36 361.337 116.635 361.349 -3531.87 301.084 116.631 301.097 -3814.63
GPRESSURE: 0 -4299.93 351.498 117.622 360.917 -3509.2 320.995 70.0904 303.244 -3784.24
ETITLE:      TS           BOND          ANGLE          DIHED          IMPRP               ELECT            VDW       BOUNDARY           MISC        KINETIC               TOTAL           TEMP      POTENTIAL         TOTAL3        TEMPAVG            PRESSURE      GPRESSURE         VOLUME       PRESSAVG      GPRESSAVG
TITITLE:     TS          BOND1         ELECT1           VDW1          BOND2              ELECT2           VDW2

ENERGY:       0         0.1158         0.3827         0.0005         0.0000         -11683.2474      1700.8893         0.0000         0.0000         0.0000          -9981.8591         0.0000     -9981.8591     -9981.8295         0.0000          -3890.9528     -3864.4548     31748.7481     -3890.9528     -3864.4548
TI:           0         0.2322         1.1019        -0.9892         0.2333              1.1012        -1.2147

OPENING TI ENERGY OUTPUT FILE
OPENING EXTENDED SYSTEM TRAJECTORY FILE
WRITING EXTENDED SYSTEM TO RESTART FILE AT STEP 5
WRITING COORDINATES TO RESTART FILE AT STEP 5
FINISHED WRITING RESTART COORDINATES
The last position output (seq=5) takes 0.000 seconds, 0.000 MB of memory in use
WRITING VELOCITIES TO RESTART FILE AT STEP 5
FINISHED WRITING RESTART VELOCITIES
The last velocity output (seq=5) takes 0.000 seconds, 0.000 MB of memory in use
WRITING EXTENDED SYSTEM TO RESTART FILE AT STEP 10
WRITING COORDINATES TO RESTART FILE AT STEP 10
FINISHED WRITING RESTART COORDINATES
The last position output (seq=10) takes 0.000 seconds, 0.000 MB of memory in use
WRITING VELOCITIES TO RESTART FILE AT STEP 10
FINISHED WRITING RESTART VELOCITIES
The last velocity output (seq=10) takes 0.000 seconds, 0.000 MB of memory in use
====================================================

WallClock: 0.428690  CPUTime: 0.424213  Memory: 0.000000 MB
[Partition 0][Node 0] End of program
TCL: Suspending until startup complete.
Warning: The following variables were set in the
Warning: configuration file but will be ignored:
Warning:    paraTypeCharmm (parameters)
Info: EXTENDED SYSTEM FILE   /home/a/post_qa/TIES_MD/TIES_MD/examples/ethane_namd/zero_sum/leg1/LAMBDA_0.00/rep0/equilibration/eq0.xsc
Info: Tuning parameters to improve CUDASOAintegrate performance
Info:   Setting margin to 4
Warning: The Langevin gamma parameters differ over the particles,
Warning: requiring extra work per step to constrain rigid bonds.
Warning: Disabling lonepair support due to incompatability with SOA.
Info: Using SOA integration routine
Info: Using CUDA SOA integration routine
Warning: Always using force tables for CUDA nonbonded kernel due to unsupported config parameters.
Info: SIMULATION PARAMETERS:
Info: TIMESTEP               2
Info: NUMBER OF STEPS        0
Info: STEPS PER CYCLE        10
Info: PERIODIC CELL BASIS 1  34.55 0 0
Info: PERIODIC CELL BASIS 2  -11.5167 32.5742 0
Info: PERIODIC CELL BASIS 3  -11.5167 -16.2871 28.2101
Info: PERIODIC CELL CENTER   0 0 0
Info: WRAPPING WATERS AROUND PERIODIC BOUNDARIES ON OUTPUT.
Info: WRAPPING ALL CLUSTERS AROUND PERIODIC BOUNDARIES ON OUTPUT.
Info: LOAD BALANCER  Centralized
Info: LOAD BALANCING STRATEGY  New Load Balancers -- DEFAULT
Info: LDB PERIOD             2000 steps
Info: FIRST LDB TIMESTEP     50
Info: LAST LDB TIMESTEP     -1
Info: LDB BACKGROUND SCALING 1
Info: HOM BACKGROUND SCALING 1
Info: PME BACKGROUND SCALING 1
Info: MIN ATOMS PER PATCH    40
Info: EMPTY PATCH LOAD       40 ATOMS
Info: VELOCITY FILE          /home/a/post_qa/TIES_MD/TIES_MD/examples/ethane_namd/zero_sum/leg1/LAMBDA_0.00/rep0/equilibration/eq0.vel
Info: CENTER OF MASS MOVING INITIALLY? NO
Info: DIELECTRIC             1
Info: EXCLUDE                SCALED ONE-FOUR
Info: 1-4 ELECTROSTATICS SCALED BY 0.833333
Info: MODIFIED 1-4 VDW PARAMETERS WILL BE USED
Info: DCD FILENAME           /home/a/post_qa/TIES_MD/TIES_MD/examples/ethane_namd/zero_sum/leg1/LAMBDA_0.00/rep0/equilibration/eq1.dcd
Info: DCD FREQUENCY          5000
Info: DCD FIRST STEP         5000
Info: DCD FILE WILL CONTAIN UNIT CELL DATA
Info: XST FILENAME           /home/a/post_qa/TIES_MD/TIES_MD/examples/ethane_namd/zero_sum/leg1/LAMBDA_0.00/rep0/equilibration/eq1.xst
Info: XST FREQUENCY          5000
Info: NO VELOCITY DCD OUTPUT
Info: NO FORCE DCD OUTPUT
Info: OUTPUT FILENAME        /home/a/post_qa/TIES_MD/TIES_MD/examples/ethane_namd/zero_sum/leg1/LAMBDA_0.00/rep0/equilibration/eq1
Info: BINARY OUTPUT FILES WILL BE USED
Info: RESTART FILENAME       /home/a/post_qa/TIES_MD/TIES_MD/examples/ethane_namd/zero_sum/leg1/LAMBDA_0.00/rep0/equilibration/eq1
Info: RESTART FREQUENCY      5
Info: BINARY RESTART FILES WILL BE USED
Info: SWITCHING ACTIVE
Info: SWITCHING ON           10
Info: SWITCHING OFF          12
Info: PAIRLIST DISTANCE      13.5
Info: PAIRLIST SHRINK RATE   0.01
Info: PAIRLIST GROW RATE     0.01
Info: PAIRLIST TRIGGER       0.3
Info: PAIRLISTS PER CYCLE    2
Info: PAIRLISTS ENABLED
Info: MARGIN                 4
Info: HYDROGEN GROUP CUTOFF  2.5
Info: PATCH DIMENSION        20
Info: ENERGY OUTPUT STEPS    1000
Info: ENERGY EVALUATION STEPS    1000
Info: CROSSTERM ENERGY INCLUDED IN DIHEDRAL
Info: TIMING OUTPUT STEPS    10000
Info: PRESSURE OUTPUT STEPS  1000
Info: HARMONIC CONSTRAINTS ACTIVE
Info: HARMONIC CONS EXP      2
Info: THERMODYNAMIC INTEGRATION (TI) ON
Info: TI LAMBDA VALUE     0
Info: TI INTRA-ALCHEMICAL NON-BONDED INTERACTIONS WILL BE RETAINED
Info: TI INTRA-ALCHEMICAL BONDED INTERACTIONS WILL BE RETAINED
Info: TI VDW SHIFTING COEFFICIENT 5
Info: TI ELEC. ACTIVE FOR ANNIHILATED PARTICLES BETWEEN LAMBDA = 0 AND LAMBDA = 0.55
Info: TI ELEC. ACTIVE FOR EXNIHILATED PARTICLES BETWEEN LAMBDA = 0.45 AND LAMBDA = 1
Info: TI VDW ACTIVE FOR ANNIHILATED PARTICLES BETWEEN LAMBDA = 0 AND LAMBDA = 1
Info: TI VDW ACTIVE FOR EXNIHILATED PARTICLES BETWEEN LAMBDA = 0 AND LAMBDA = 1
Info: TI BOND ACTIVE FOR ANNIHILATED PARTICLES BETWEEN LAMBDA = 1 AND LAMBDA = 1
Info: TI BOND ACTIVE FOR EXNIHILATED PARTICLES BETWEEN LAMBDA = 0 AND LAMBDA = 0
Info: LANGEVIN DYNAMICS ACTIVE
Info: LANGEVIN TEMPERATURE   300
Info: LANGEVIN USING BBK INTEGRATOR
Info: LANGEVIN DAMPING COEFFICIENT IS 5 INVERSE PS
Info: LANGEVIN DYNAMICS NOT APPLIED TO HYDROGENS
Info: PARTICLE MESH EWALD (PME) ACTIVE
Info: PME TOLERANCE               1e-06
Info: PME EWALD COEFFICIENT       0.257952
Info: PME INTERPOLATION ORDER     4
Info: PME GRID DIMENSIONS         36 36 36
Info: PME MAXIMUM GRID SPACING    1
Info: Attempting to read FFTW data from FFTW_NAMD_3.0alpha13_Linux-x86_64-multicore-CUDA.txt
Info: Optimizing 6 FFT steps.  1... 2... 3... 4... 5... 6...   Done.
Info: Writing FFTW data to FFTW_NAMD_3.0alpha13_Linux-x86_64-multicore-CUDA.txt
Info: FULL ELECTROSTATIC EVALUATION FREQUENCY      2
Info: USING VERLET I (r-RESPA) MTS SCHEME.
Info: C1 SPLITTING OF LONG RANGE ELECTROSTATICS
Info: PLACING ATOMS IN PATCHES BY HYDROGEN GROUPS
Info: RIGID BONDS TO HYDROGEN : ALL
Info:         ERROR TOLERANCE : 1e-05
Info:          MAX ITERATIONS : 100
Info: RIGID WATER USING SETTLE ALGORITHM
Info: RANDOM NUMBER SEED     1660224794
Info: USE HYDROGEN BONDS?    NO
Info: Using AMBER format force field!
Info: AMBER PARM FILE        /home/a/post_qa/TIES_MD/TIES_MD/examples/ethane_namd/zero_sum/leg1/build/sys_solv.prmtop
Info: COORDINATE PDB         /home/a/post_qa/TIES_MD/TIES_MD/examples/ethane_namd/zero_sum/leg1/build/sys_solv.pdb
Info: Exclusions in PARM file will be ignored!
Info: SCNB (VDW SCALING)     2
Info: USING ARITHMETIC MEAN TO COMBINE L-J SIGMA PARAMETERS
Info: BINARY COORDINATES     /home/a/post_qa/TIES_MD/TIES_MD/examples/ethane_namd/zero_sum/leg1/LAMBDA_0.00/rep0/equilibration/eq0.coor
Info: === Start reading AMBER parm7 format file /home/a/post_qa/TIES_MD/TIES_MD/examples/ethane_namd/zero_sum/leg1/build/sys_solv.prmtop ===
Info: Complete reading ATOM_NAME with 2670 fields.
Info: Complete reading CHARGE with 2670 fields.
Info: Complete reading ATOMIC_NUMBER with 2670 fields.
Info: Complete reading MASS with 2670 fields.
Info: Complete reading ATOM_TYPE_INDEX with 2670 fields.
Info: Complete reading NUMBER_EXCLUDED_ATOMS with 2670 fields.
Info: Complete reading NONBONDED_PARM_INDEX with 16 fields.
Info: Complete reading RESIDUE_LABEL with 887 fields.
Info: Complete reading RESIDUE_POINTER with 887 fields.
Info: Complete reading BOND_FORCE_CONSTANT with 4 fields.
Info: Complete reading BOND_EQUIL_VALUE with 4 fields.
Info: Complete reading ANGLE_FORCE_CONSTANT with 3 fields.
Info: Complete reading ANGLE_EQUIL_VALUE with 3 fields.
Info: Complete reading DIHEDRAL_FORCE_CONSTANT with 2 fields.
Info: Complete reading DIHEDRAL_PERIODICITY with 2 fields.
Info: Complete reading DIHEDRAL_PHASE with 2 fields.
Info: Complete reading SCEE_SCALE_FACTOR with 2 fields.
Info: Complete reading SCNB_SCALE_FACTOR with 2 fields.
Info: Complete reading LENNARD_JONES_ACOEF with 10 fields.
Info: Complete reading LENNARD_JONES_BCOEF with 10 fields.
Info: Complete reading BONDS_INC_HYDROGEN with 8001 fields.
Info: Complete reading BONDS_WITHOUT_HYDROGEN with 6 fields.
Info: Complete reading ANGLES_INC_HYDROGEN with 84 fields.
Info: Complete reading ANGLES_WITHOUT_HYDROGEN with 4 fields.
Info: Complete reading DIHEDRALS_INC_HYDROGEN with 120 fields.
Info: Complete reading DIHEDRALS_WITHOUT_HYDROGEN with 0 fields.
Info: Complete reading EXCLUDED_ATOMS_LIST with 3602 fields.
Info: Complete reading HBOND_ACOEF with 1 fields.
Info: Complete reading HBOND_BCOEF with 1 fields.
Info: Complete reading AMBER_ATOM_TYPE with 2670 fields.
Info: Complete reading TREE_CHAIN_CLASSIFICATION with 2670 fields.
Info: Complete reading ATOMS_PER_MOLECULE with 887 fields.
Info: Complete reading BOX_DIMENSIONS with 4 fields.
Info: Complete reading RADIUS_SET with 1 fields.
Info: Complete reading RADII with 2670 fields.
Info: Complete reading SCREEN with 2670 fields.
Info: === Finish reading AMBER parm7 format file. ===
Warning: Encounter 10-12 H-bond term
Warning: Found 886 H-H bonds.
Info: SUMMARY OF PARAMETERS:
Info: 4 BONDS
Info: 3 ANGLES
Info:   3 HARMONIC
Info:   0 COSINE-BASED
Info: 2 DIHEDRAL
Info: 0 IMPROPER
Info: 0 CROSSTERM
Info: 0 VDW
Info: 10 VDW_PAIRS
Info: 0 NBTHOLE_PAIRS
Info: Reading pdb file /home/a/post_qa/TIES_MD/TIES_MD/examples/ethane_namd/zero_sum/leg1/build/sys_solv.pdb
Info: TIME FOR READING PDB FILE: 0.00244241
Info: 
Info: To read alchdata from file: /home/a/post_qa/TIES_MD/TIES_MD/examples/ethane_namd/zero_sum/leg1/build/sys_solv.pdb
Info: To read alchflag data from column: 5
Info: ****************************
Info: STRUCTURE SUMMARY:
Info: 2670 ATOMS
Info: 2669 BONDS
Info: 21 ANGLES
Info: 18 DIHEDRALS
Info: 0 IMPROPERS
Info: 0 CROSSTERMS
Info: 0 EXCLUSIONS
Info: 12 CONSTRAINTS
Info: 2667 RIGID BONDS
Info: ALCH: 4 ATOMS TO DISAPPEAR IN FINAL STATE
Info: ALCH: 4 ATOMS TO APPEAR IN FINAL STATE
Info: ALCH: 1 ANGLES LINKING INITIAL AND FINAL ATOMS DELETED
Info: ALCH: 6 DIHEDRALS LINKING INITIAL AND FINAL ATOMS DELETED
Info: 5343 DEGREES OF FREEDOM
Info: 889 HYDROGEN GROUPS
Info: 4 ATOMS IN LARGEST HYDROGEN GROUP
Info: 889 MIGRATION GROUPS
Info: 4 ATOMS IN LARGEST MIGRATION GROUP
Info: TOTAL MASS = 16007.3 amu
Info: TOTAL CHARGE = 0.00300001 e
Info: MASS DENSITY = 0.83724 g/cm^3
Info: ATOM DENSITY = 0.0840978 atoms/A^3
Info: *****************************
Info: Reading from binary file /home/a/post_qa/TIES_MD/TIES_MD/examples/ethane_namd/zero_sum/leg1/LAMBDA_0.00/rep0/equilibration/eq0.coor
Info: 
Info: Entering startup at 0.395687 s, 0 MB of memory in use
Info: Startup phase 0 took 3.8863e-05 s, 0 MB of memory in use
Info: ADDED 2708 IMPLICIT EXCLUSIONS
Info: Startup phase 1 took 0.000614099 s, 0 MB of memory in use
Info: NONBONDED TABLE R-SQUARED SPACING: 0.0625
Info: NONBONDED TABLE SIZE: 769 POINTS
Info: INCONSISTENCY IN FAST TABLE ENERGY VS FORCE: 0.000325096 AT 11.9556
Info: INCONSISTENCY IN SCOR TABLE ENERGY VS FORCE: 0.000324844 AT 11.9556
Info: INCONSISTENCY IN VDWA TABLE ENERGY VS FORCE: 0.0040507 AT 0.251946
Info: INCONSISTENCY IN VDWB TABLE ENERGY VS FORCE: 0.00150189 AT 0.251946
Info: Startup phase 2 took 0.00016913 s, 0 MB of memory in use
Info: Startup phase 3 took 1.4326e-05 s, 0 MB of memory in use
Info: Startup phase 4 took 1.1988e-05 s, 0 MB of memory in use
Info: Startup phase 5 took 1.8797e-05 s, 0 MB of memory in use
Info: PATCH GRID IS 1 (PERIODIC) BY 1 (PERIODIC) BY 1 (PERIODIC)
Info: PATCH GRID IS 1-AWAY BY 1-AWAY BY 1-AWAY
Info: Reading from binary file /home/a/post_qa/TIES_MD/TIES_MD/examples/ethane_namd/zero_sum/leg1/LAMBDA_0.00/rep0/equilibration/eq0.vel
Info: REMOVING COM VELOCITY 0 0 0
Info: LARGEST PATCH (0) HAS 2670 ATOMS
Info: TORUS A SIZE 1 USING 0
Info: TORUS B SIZE 1 USING 0
Info: TORUS C SIZE 1 USING 0
Info: TORUS MINIMAL MESH SIZE IS 1 BY 1 BY 1
Info: Placed 100% of base nodes on same physical node as patch
Info: Startup phase 6 took 0.000349351 s, 0 MB of memory in use
Info: Use 3D box decompostion in PME FFT.
Info: PME using 1 x 1 x 1 pencil grid for FFT and reciprocal sum.
Info: Startup phase 7 took 6.1256e-05 s, 0 MB of memory in use
Info: Updated CUDA force table with 4096 elements.
Info: Updated CUDA LJ table with 4 x 4 elements.
Info: Startup phase 8 took 0.00128004 s, 0 MB of memory in use
Info: Startup phase 9 took 3.979e-05 s, 0 MB of memory in use
Info: Startup phase 10 took 1.1229e-05 s, 0 MB of memory in use
Info: Startup phase 11 took 0.000595885 s, 0 MB of memory in use
LDB: Central LB being created...
Info: Startup phase 12 took 0.00159896 s, 0 MB of memory in use
Info: CREATING 30 COMPUTE OBJECTS
Info: Found 15 unique exclusion lists needing 28 bytes
Info: Startup phase 13 took 0.000944954 s, 0 MB of memory in use
Info: Startup phase 14 took 3.1802e-05 s, 0 MB of memory in use
Info: Startup phase 15 took 2.2109e-05 s, 0 MB of memory in use
Info: Finished startup at 0.40149 s, 0 MB of memory in use

TCL: Running for 10 steps
TI: RESETTING FOR NEW WINDOW LAMBDA SET TO 0
TI: WINDOW TO HAVE 0 STEPS OF EQUILIBRATION PRIOR TO TI DATA COLLECTION.
PRESSURE: 0 -3584.53 165.096 30.1194 165.77 -3018.17 -2.85445 29.4336 -3.20169 -2917.99
GPRESSURE: 0 -3566.4 185.758 23.6187 156.63 -2970.94 11.9531 9.20601 -19.4083 -2897.36
ETITLE:      TS           BOND          ANGLE          DIHED          IMPRP               ELECT            VDW       BOUNDARY           MISC        KINETIC               TOTAL           TEMP      POTENTIAL         TOTAL3        TEMPAVG            PRESSURE      GPRESSURE         VOLUME       PRESSAVG      GPRESSAVG
TITITLE:     TS          BOND1         ELECT1           VDW1          BOND2              ELECT2           VDW2

ENERGY:       0         0.1633         0.2184         0.0004         0.0000         -11992.0673      1847.0199         0.4077         0.0000         0.0000         -10144.2575         0.0000    -10144.2575    -10144.1986         0.0000          -3173.5650     -3144.8994     31748.7481     -3173.5650     -3144.8994
TI:           0         0.0872         1.1168        -0.9936         0.2271              1.1140        -1.3225

OPENING TI ENERGY OUTPUT FILE
OPENING EXTENDED SYSTEM TRAJECTORY FILE
WRITING EXTENDED SYSTEM TO RESTART FILE AT STEP 5
WRITING COORDINATES TO RESTART FILE AT STEP 5
FINISHED WRITING RESTART COORDINATES
The last position output (seq=5) takes 0.000 seconds, 0.000 MB of memory in use
WRITING VELOCITIES TO RESTART FILE AT STEP 5
FINISHED WRITING RESTART VELOCITIES
The last velocity output (seq=5) takes 0.000 seconds, 0.000 MB of memory in use
WRITING EXTENDED SYSTEM TO RESTART FILE AT STEP 10
WRITING COORDINATES TO RESTART FILE AT STEP 10
FINISHED WRITING RESTART COORDINATES
The last position output (seq=10) takes 0.000 seconds, 0.000 MB of memory in use
WRITING VELOCITIES TO RESTART FILE AT STEP 10
FINISHED WRITING RESTART VELOCITIES
The last velocity output (seq=10) takes 0.000 seconds, 0.000 MB of memory in use
====================================================

WallClock: 0.423226  CPUTime: 0.420887  Memory: 0.000000 MB
[Partition 0][Node 0] End of program
